ERROR - 2022-02-14 00:08:01 --> Operand should contain 1 column(s)
CRITICAL - 2022-02-14 00:08:01 --> Operand should contain 1 column(s)
#0 /var/www/html/system/Database/MySQLi/Connection.php(292): mysqli->query()
#1 /var/www/html/system/Database/BaseConnection.php(670): CodeIgniter\Database\MySQLi\Connection->execute()
#2 /var/www/html/system/Database/BaseConnection.php(598): CodeIgniter\Database\BaseConnection->simpleQuery()
#3 /var/www/html/system/Database/BaseBuilder.php(1771): CodeIgniter\Database\BaseConnection->query()
#4 /var/www/html/system/Model.php(239): CodeIgniter\Database\BaseBuilder->insert()
#5 /var/www/html/system/BaseModel.php(738): CodeIgniter\Model->doInsert()
#6 /var/www/html/system/Model.php(625): CodeIgniter\BaseModel->insert()
#7 /var/www/html/system/BaseModel.php(658): CodeIgniter\Model->insert()
#8 /var/www/html/app/Controllers/OpenMeeting.php(65): CodeIgniter\BaseModel->save()
#9 /var/www/html/system/CodeIgniter.php(825): App\Controllers\OpenMeeting->open()
#10 /var/www/html/system/CodeIgniter.php(412): CodeIgniter\CodeIgniter->runController()
#11 /var/www/html/system/CodeIgniter.php(320): CodeIgniter\CodeIgniter->handleRequest()
#12 /var/www/html/index.php(37): CodeIgniter\CodeIgniter->run()
#13 {main}
ERROR - 2022-02-14 00:08:13 --> Operand should contain 1 column(s)
CRITICAL - 2022-02-14 00:08:13 --> Operand should contain 1 column(s)
#0 /var/www/html/system/Database/MySQLi/Connection.php(292): mysqli->query()
#1 /var/www/html/system/Database/BaseConnection.php(670): CodeIgniter\Database\MySQLi\Connection->execute()
#2 /var/www/html/system/Database/BaseConnection.php(598): CodeIgniter\Database\BaseConnection->simpleQuery()
#3 /var/www/html/system/Database/BaseBuilder.php(1771): CodeIgniter\Database\BaseConnection->query()
#4 /var/www/html/system/Model.php(239): CodeIgniter\Database\BaseBuilder->insert()
#5 /var/www/html/system/BaseModel.php(738): CodeIgniter\Model->doInsert()
#6 /var/www/html/system/Model.php(625): CodeIgniter\BaseModel->insert()
#7 /var/www/html/system/BaseModel.php(658): CodeIgniter\Model->insert()
#8 /var/www/html/app/Controllers/OpenMeeting.php(65): CodeIgniter\BaseModel->save()
#9 /var/www/html/system/CodeIgniter.php(825): App\Controllers\OpenMeeting->open()
#10 /var/www/html/system/CodeIgniter.php(412): CodeIgniter\CodeIgniter->runController()
#11 /var/www/html/system/CodeIgniter.php(320): CodeIgniter\CodeIgniter->handleRequest()
#12 /var/www/html/index.php(37): CodeIgniter\CodeIgniter->run()
#13 {main}
ERROR - 2022-02-14 00:11:56 --> Operand should contain 1 column(s)
CRITICAL - 2022-02-14 00:11:56 --> Operand should contain 1 column(s)
#0 /var/www/html/system/Database/MySQLi/Connection.php(292): mysqli->query()
#1 /var/www/html/system/Database/BaseConnection.php(670): CodeIgniter\Database\MySQLi\Connection->execute()
#2 /var/www/html/system/Database/BaseConnection.php(598): CodeIgniter\Database\BaseConnection->simpleQuery()
#3 /var/www/html/system/Database/BaseBuilder.php(1771): CodeIgniter\Database\BaseConnection->query()
#4 /var/www/html/system/Model.php(239): CodeIgniter\Database\BaseBuilder->insert()
#5 /var/www/html/system/BaseModel.php(738): CodeIgniter\Model->doInsert()
#6 /var/www/html/system/Model.php(625): CodeIgniter\BaseModel->insert()
#7 /var/www/html/system/BaseModel.php(658): CodeIgniter\Model->insert()
#8 /var/www/html/app/Controllers/OpenMeeting.php(65): CodeIgniter\BaseModel->save()
#9 /var/www/html/system/CodeIgniter.php(825): App\Controllers\OpenMeeting->open()
#10 /var/www/html/system/CodeIgniter.php(412): CodeIgniter\CodeIgniter->runController()
#11 /var/www/html/system/CodeIgniter.php(320): CodeIgniter\CodeIgniter->handleRequest()
#12 /var/www/html/index.php(37): CodeIgniter\CodeIgniter->run()
#13 {main}
ERROR - 2022-02-14 00:12:35 --> Operand should contain 1 column(s)
CRITICAL - 2022-02-14 00:12:35 --> Operand should contain 1 column(s)
#0 /var/www/html/system/Database/MySQLi/Connection.php(292): mysqli->query()
#1 /var/www/html/system/Database/BaseConnection.php(670): CodeIgniter\Database\MySQLi\Connection->execute()
#2 /var/www/html/system/Database/BaseConnection.php(598): CodeIgniter\Database\BaseConnection->simpleQuery()
#3 /var/www/html/system/Database/BaseBuilder.php(1771): CodeIgniter\Database\BaseConnection->query()
#4 /var/www/html/system/Model.php(239): CodeIgniter\Database\BaseBuilder->insert()
#5 /var/www/html/system/BaseModel.php(738): CodeIgniter\Model->doInsert()
#6 /var/www/html/system/Model.php(625): CodeIgniter\BaseModel->insert()
#7 /var/www/html/system/BaseModel.php(658): CodeIgniter\Model->insert()
#8 /var/www/html/app/Controllers/OpenMeeting.php(66): CodeIgniter\BaseModel->save()
#9 /var/www/html/system/CodeIgniter.php(825): App\Controllers\OpenMeeting->open()
#10 /var/www/html/system/CodeIgniter.php(412): CodeIgniter\CodeIgniter->runController()
#11 /var/www/html/system/CodeIgniter.php(320): CodeIgniter\CodeIgniter->handleRequest()
#12 /var/www/html/index.php(37): CodeIgniter\CodeIgniter->run()
#13 {main}
CRITICAL - 2022-02-14 00:39:01 --> Argument 1 passed to CodeIgniter\Database\BaseBuilder::get() must be of the type int or null, string given, called in /var/www/html/system/Model.php on line 728
#0 /var/www/html/system/Model.php(728): CodeIgniter\Database\BaseBuilder->get()
#1 /var/www/html/app/Controllers/TestDB.php(13): CodeIgniter\Model->__call()
#2 /var/www/html/system/CodeIgniter.php(825): App\Controllers\TestDB->index()
#3 /var/www/html/system/CodeIgniter.php(412): CodeIgniter\CodeIgniter->runController()
#4 /var/www/html/system/CodeIgniter.php(320): CodeIgniter\CodeIgniter->handleRequest()
#5 /var/www/html/index.php(37): CodeIgniter\CodeIgniter->run()
#6 {main}
CRITICAL - 2022-02-14 00:39:23 --> Argument 1 passed to CodeIgniter\Database\BaseBuilder::get() must be of the type int or null, string given, called in /var/www/html/system/Model.php on line 728
#0 /var/www/html/system/Model.php(728): CodeIgniter\Database\BaseBuilder->get()
#1 /var/www/html/app/Controllers/TestDB.php(13): CodeIgniter\Model->__call()
#2 /var/www/html/system/CodeIgniter.php(825): App\Controllers\TestDB->index()
#3 /var/www/html/system/CodeIgniter.php(412): CodeIgniter\CodeIgniter->runController()
#4 /var/www/html/system/CodeIgniter.php(320): CodeIgniter\CodeIgniter->handleRequest()
#5 /var/www/html/index.php(37): CodeIgniter\CodeIgniter->run()
#6 {main}
CRITICAL - 2022-02-14 00:40:06 --> Cannot use object of type App\Models\timeTest as array
#0 /var/www/html/system/CodeIgniter.php(825): App\Controllers\TestDB->index()
#1 /var/www/html/system/CodeIgniter.php(412): CodeIgniter\CodeIgniter->runController()
#2 /var/www/html/system/CodeIgniter.php(320): CodeIgniter\CodeIgniter->handleRequest()
#3 /var/www/html/index.php(37): CodeIgniter\CodeIgniter->run()
#4 {main}
CRITICAL - 2022-02-14 00:40:44 --> Cannot use object of type App\Models\timeTest as array
#0 /var/www/html/system/CodeIgniter.php(825): App\Controllers\TestDB->index()
#1 /var/www/html/system/CodeIgniter.php(412): CodeIgniter\CodeIgniter->runController()
#2 /var/www/html/system/CodeIgniter.php(320): CodeIgniter\CodeIgniter->handleRequest()
#3 /var/www/html/index.php(37): CodeIgniter\CodeIgniter->run()
#4 {main}
CRITICAL - 2022-02-14 00:41:16 --> Undefined index: t1
#0 /var/www/html/app/Controllers/TestDB.php(13): CodeIgniter\Debug\Exceptions->errorHandler()
#1 /var/www/html/system/CodeIgniter.php(825): App\Controllers\TestDB->index()
#2 /var/www/html/system/CodeIgniter.php(412): CodeIgniter\CodeIgniter->runController()
#3 /var/www/html/system/CodeIgniter.php(320): CodeIgniter\CodeIgniter->handleRequest()
#4 /var/www/html/index.php(37): CodeIgniter\CodeIgniter->run()
#5 {main}
CRITICAL - 2022-02-14 16:18:08 --> Invalid file: Home.php
#0 /var/www/html/system/View/View.php(198): CodeIgniter\Exceptions\FrameworkException::forInvalidFile()
#1 /var/www/html/system/Common.php(1089): CodeIgniter\View\View->render()
#2 /var/www/html/app/Controllers/Home.php(24): view()
#3 /var/www/html/system/CodeIgniter.php(825): App\Controllers\Home->index()
#4 /var/www/html/system/CodeIgniter.php(412): CodeIgniter\CodeIgniter->runController()
#5 /var/www/html/system/CodeIgniter.php(320): CodeIgniter\CodeIgniter->handleRequest()
#6 /var/www/html/index.php(37): CodeIgniter\CodeIgniter->run()
#7 {main}
CRITICAL - 2022-02-14 17:27:16 --> Undefined variable: mtName
#0 /var/www/html/app/Controllers/MTPage.php(31): CodeIgniter\Debug\Exceptions->errorHandler()
#1 /var/www/html/system/CodeIgniter.php(825): App\Controllers\MTPage->mtOf()
#2 /var/www/html/system/CodeIgniter.php(412): CodeIgniter\CodeIgniter->runController()
#3 /var/www/html/system/CodeIgniter.php(320): CodeIgniter\CodeIgniter->handleRequest()
#4 /var/www/html/index.php(37): CodeIgniter\CodeIgniter->run()
#5 {main}
CRITICAL - 2022-02-14 17:27:27 --> Undefined index: mtName
#0 /var/www/html/app/Views/mtPage.php(3): CodeIgniter\Debug\Exceptions->errorHandler()
#1 /var/www/html/system/View/View.php(210): include('/var/www/html/a...')
#2 /var/www/html/system/View/View.php(213): CodeIgniter\View\View->CodeIgniter\View\{closure}()
#3 /var/www/html/system/Common.php(1089): CodeIgniter\View\View->render()
#4 /var/www/html/app/Controllers/MTPage.php(42): view()
#5 /var/www/html/system/CodeIgniter.php(825): App\Controllers\MTPage->mtOf()
#6 /var/www/html/system/CodeIgniter.php(412): CodeIgniter\CodeIgniter->runController()
#7 /var/www/html/system/CodeIgniter.php(320): CodeIgniter\CodeIgniter->handleRequest()
#8 /var/www/html/index.php(37): CodeIgniter\CodeIgniter->run()
#9 {main}
CRITICAL - 2022-02-14 17:28:30 --> Undefined index: mtName
#0 /var/www/html/app/Views/mtPage.php(3): CodeIgniter\Debug\Exceptions->errorHandler()
#1 /var/www/html/system/View/View.php(210): include('/var/www/html/a...')
#2 /var/www/html/system/View/View.php(213): CodeIgniter\View\View->CodeIgniter\View\{closure}()
#3 /var/www/html/system/Common.php(1089): CodeIgniter\View\View->render()
#4 /var/www/html/app/Controllers/MTPage.php(42): view()
#5 /var/www/html/system/CodeIgniter.php(825): App\Controllers\MTPage->mtOf()
#6 /var/www/html/system/CodeIgniter.php(412): CodeIgniter\CodeIgniter->runController()
#7 /var/www/html/system/CodeIgniter.php(320): CodeIgniter\CodeIgniter->handleRequest()
#8 /var/www/html/index.php(37): CodeIgniter\CodeIgniter->run()
#9 {main}
CRITICAL - 2022-02-14 17:30:11 --> Undefined index: mtName
#0 /var/www/html/app/Controllers/MTPage.php(33): CodeIgniter\Debug\Exceptions->errorHandler()
#1 /var/www/html/system/CodeIgniter.php(825): App\Controllers\MTPage->mtOf()
#2 /var/www/html/system/CodeIgniter.php(412): CodeIgniter\CodeIgniter->runController()
#3 /var/www/html/system/CodeIgniter.php(320): CodeIgniter\CodeIgniter->handleRequest()
#4 /var/www/html/index.php(37): CodeIgniter\CodeIgniter->run()
#5 {main}
