CRITICAL - 2022-02-13 18:20:40 --> Undefined variable: session
#0 /var/www/html/app/Controllers/OpenMeeting.php(9): CodeIgniter\Debug\Exceptions->errorHandler()
#1 /var/www/html/system/CodeIgniter.php(825): App\Controllers\OpenMeeting->index()
#2 /var/www/html/system/CodeIgniter.php(412): CodeIgniter\CodeIgniter->runController()
#3 /var/www/html/system/CodeIgniter.php(320): CodeIgniter\CodeIgniter->handleRequest()
#4 /var/www/html/index.php(37): CodeIgniter\CodeIgniter->run()
#5 {main}
CRITICAL - 2022-02-13 18:21:22 --> Undefined variable: is_login
#0 /var/www/html/app/Views/header1.php(8): CodeIgniter\Debug\Exceptions->errorHandler()
#1 /var/www/html/system/View/View.php(210): include('/var/www/html/a...')
#2 /var/www/html/system/View/View.php(213): CodeIgniter\View\View->CodeIgniter\View\{closure}()
#3 /var/www/html/system/Common.php(1089): CodeIgniter\View\View->render()
#4 /var/www/html/app/Controllers/SignIn.php(12): view()
#5 /var/www/html/system/CodeIgniter.php(825): App\Controllers\SignIn->index()
#6 /var/www/html/system/CodeIgniter.php(412): CodeIgniter\CodeIgniter->runController()
#7 /var/www/html/system/CodeIgniter.php(320): CodeIgniter\CodeIgniter->handleRequest()
#8 /var/www/html/index.php(37): CodeIgniter\CodeIgniter->run()
#9 {main}
CRITICAL - 2022-02-13 18:22:57 --> Undefined variable: is_login
#0 /var/www/html/app/Views/header1.php(8): CodeIgniter\Debug\Exceptions->errorHandler()
#1 /var/www/html/system/View/View.php(210): include('/var/www/html/a...')
#2 /var/www/html/system/View/View.php(213): CodeIgniter\View\View->CodeIgniter\View\{closure}()
#3 /var/www/html/system/Common.php(1089): CodeIgniter\View\View->render()
#4 /var/www/html/app/Controllers/SignIn.php(12): view()
#5 /var/www/html/system/CodeIgniter.php(825): App\Controllers\SignIn->index()
#6 /var/www/html/system/CodeIgniter.php(412): CodeIgniter\CodeIgniter->runController()
#7 /var/www/html/system/CodeIgniter.php(320): CodeIgniter\CodeIgniter->handleRequest()
#8 /var/www/html/index.php(37): CodeIgniter\CodeIgniter->run()
#9 {main}
CRITICAL - 2022-02-13 18:28:18 --> Undefined variable: meta_title
#0 /var/www/html/app/Views/header1.php(4): CodeIgniter\Debug\Exceptions->errorHandler()
#1 /var/www/html/system/View/View.php(210): include('/var/www/html/a...')
#2 /var/www/html/system/View/View.php(213): CodeIgniter\View\View->CodeIgniter\View\{closure}()
#3 /var/www/html/system/Common.php(1089): CodeIgniter\View\View->render()
#4 /var/www/html/app/Controllers/OpenMeeting.php(11): view()
#5 /var/www/html/system/CodeIgniter.php(825): App\Controllers\OpenMeeting->index()
#6 /var/www/html/system/CodeIgniter.php(412): CodeIgniter\CodeIgniter->runController()
#7 /var/www/html/system/CodeIgniter.php(320): CodeIgniter\CodeIgniter->handleRequest()
#8 /var/www/html/index.php(37): CodeIgniter\CodeIgniter->run()
#9 {main}
CRITICAL - 2022-02-13 18:28:50 --> Undefined variable: meta_title
#0 /var/www/html/app/Views/header1.php(4): CodeIgniter\Debug\Exceptions->errorHandler()
#1 /var/www/html/system/View/View.php(210): include('/var/www/html/a...')
#2 /var/www/html/system/View/View.php(213): CodeIgniter\View\View->CodeIgniter\View\{closure}()
#3 /var/www/html/system/Common.php(1089): CodeIgniter\View\View->render()
#4 /var/www/html/app/Controllers/OpenMeeting.php(12): view()
#5 /var/www/html/system/CodeIgniter.php(825): App\Controllers\OpenMeeting->index()
#6 /var/www/html/system/CodeIgniter.php(412): CodeIgniter\CodeIgniter->runController()
#7 /var/www/html/system/CodeIgniter.php(320): CodeIgniter\CodeIgniter->handleRequest()
#8 /var/www/html/index.php(37): CodeIgniter\CodeIgniter->run()
#9 {main}
CRITICAL - 2022-02-13 18:28:53 --> Undefined variable: meta_title
#0 /var/www/html/app/Views/header1.php(4): CodeIgniter\Debug\Exceptions->errorHandler()
#1 /var/www/html/system/View/View.php(210): include('/var/www/html/a...')
#2 /var/www/html/system/View/View.php(213): CodeIgniter\View\View->CodeIgniter\View\{closure}()
#3 /var/www/html/system/Common.php(1089): CodeIgniter\View\View->render()
#4 /var/www/html/app/Controllers/OpenMeeting.php(12): view()
#5 /var/www/html/system/CodeIgniter.php(825): App\Controllers\OpenMeeting->index()
#6 /var/www/html/system/CodeIgniter.php(412): CodeIgniter\CodeIgniter->runController()
#7 /var/www/html/system/CodeIgniter.php(320): CodeIgniter\CodeIgniter->handleRequest()
#8 /var/www/html/index.php(37): CodeIgniter\CodeIgniter->run()
#9 {main}
CRITICAL - 2022-02-13 19:24:47 --> Call to undefined function script_tag()
#0 /var/www/html/system/View/View.php(210): include()
#1 /var/www/html/system/View/View.php(213): CodeIgniter\View\View->CodeIgniter\View\{closure}()
#2 /var/www/html/system/Common.php(1089): CodeIgniter\View\View->render()
#3 /var/www/html/app/Controllers/OpenMeeting.php(14): view()
#4 /var/www/html/system/CodeIgniter.php(825): App\Controllers\OpenMeeting->index()
#5 /var/www/html/system/CodeIgniter.php(412): CodeIgniter\CodeIgniter->runController()
#6 /var/www/html/system/CodeIgniter.php(320): CodeIgniter\CodeIgniter->handleRequest()
#7 /var/www/html/index.php(37): CodeIgniter\CodeIgniter->run()
#8 {main}
CRITICAL - 2022-02-13 19:28:55 --> Call to undefined function script_tag()
#0 /var/www/html/system/View/View.php(210): include()
#1 /var/www/html/system/View/View.php(213): CodeIgniter\View\View->CodeIgniter\View\{closure}()
#2 /var/www/html/system/Common.php(1089): CodeIgniter\View\View->render()
#3 /var/www/html/app/Controllers/OpenMeeting.php(14): view()
#4 /var/www/html/system/CodeIgniter.php(825): App\Controllers\OpenMeeting->index()
#5 /var/www/html/system/CodeIgniter.php(412): CodeIgniter\CodeIgniter->runController()
#6 /var/www/html/system/CodeIgniter.php(320): CodeIgniter\CodeIgniter->handleRequest()
#7 /var/www/html/index.php(37): CodeIgniter\CodeIgniter->run()
#8 {main}
CRITICAL - 2022-02-13 19:28:57 --> Call to undefined function script_tag()
#0 /var/www/html/system/View/View.php(210): include()
#1 /var/www/html/system/View/View.php(213): CodeIgniter\View\View->CodeIgniter\View\{closure}()
#2 /var/www/html/system/Common.php(1089): CodeIgniter\View\View->render()
#3 /var/www/html/app/Controllers/OpenMeeting.php(14): view()
#4 /var/www/html/system/CodeIgniter.php(825): App\Controllers\OpenMeeting->index()
#5 /var/www/html/system/CodeIgniter.php(412): CodeIgniter\CodeIgniter->runController()
#6 /var/www/html/system/CodeIgniter.php(320): CodeIgniter\CodeIgniter->handleRequest()
#7 /var/www/html/index.php(37): CodeIgniter\CodeIgniter->run()
#8 {main}
CRITICAL - 2022-02-13 19:28:58 --> Call to undefined function script_tag()
#0 /var/www/html/system/View/View.php(210): include()
#1 /var/www/html/system/View/View.php(213): CodeIgniter\View\View->CodeIgniter\View\{closure}()
#2 /var/www/html/system/Common.php(1089): CodeIgniter\View\View->render()
#3 /var/www/html/app/Controllers/OpenMeeting.php(14): view()
#4 /var/www/html/system/CodeIgniter.php(825): App\Controllers\OpenMeeting->index()
#5 /var/www/html/system/CodeIgniter.php(412): CodeIgniter\CodeIgniter->runController()
#6 /var/www/html/system/CodeIgniter.php(320): CodeIgniter\CodeIgniter->handleRequest()
#7 /var/www/html/index.php(37): CodeIgniter\CodeIgniter->run()
#8 {main}
CRITICAL - 2022-02-13 20:02:10 --> Invalid argument supplied for foreach()
#0 /var/www/html/app/Controllers/OpenMeeting.php(24): CodeIgniter\Debug\Exceptions->errorHandler()
#1 /var/www/html/system/CodeIgniter.php(825): App\Controllers\OpenMeeting->open()
#2 /var/www/html/system/CodeIgniter.php(412): CodeIgniter\CodeIgniter->runController()
#3 /var/www/html/system/CodeIgniter.php(320): CodeIgniter\CodeIgniter->handleRequest()
#4 /var/www/html/index.php(37): CodeIgniter\CodeIgniter->run()
#5 {main}
CRITICAL - 2022-02-13 20:02:49 --> Invalid argument supplied for foreach()
#0 /var/www/html/app/Controllers/OpenMeeting.php(25): CodeIgniter\Debug\Exceptions->errorHandler()
#1 /var/www/html/system/CodeIgniter.php(825): App\Controllers\OpenMeeting->open()
#2 /var/www/html/system/CodeIgniter.php(412): CodeIgniter\CodeIgniter->runController()
#3 /var/www/html/system/CodeIgniter.php(320): CodeIgniter\CodeIgniter->handleRequest()
#4 /var/www/html/index.php(37): CodeIgniter\CodeIgniter->run()
#5 {main}
CRITICAL - 2022-02-13 20:03:14 --> Invalid argument supplied for foreach()
#0 /var/www/html/app/Controllers/OpenMeeting.php(25): CodeIgniter\Debug\Exceptions->errorHandler()
#1 /var/www/html/system/CodeIgniter.php(825): App\Controllers\OpenMeeting->open()
#2 /var/www/html/system/CodeIgniter.php(412): CodeIgniter\CodeIgniter->runController()
#3 /var/www/html/system/CodeIgniter.php(320): CodeIgniter\CodeIgniter->handleRequest()
#4 /var/www/html/index.php(37): CodeIgniter\CodeIgniter->run()
#5 {main}
CRITICAL - 2022-02-13 20:03:28 --> Invalid argument supplied for foreach()
#0 /var/www/html/app/Controllers/OpenMeeting.php(25): CodeIgniter\Debug\Exceptions->errorHandler()
#1 /var/www/html/system/CodeIgniter.php(825): App\Controllers\OpenMeeting->open()
#2 /var/www/html/system/CodeIgniter.php(412): CodeIgniter\CodeIgniter->runController()
#3 /var/www/html/system/CodeIgniter.php(320): CodeIgniter\CodeIgniter->handleRequest()
#4 /var/www/html/index.php(37): CodeIgniter\CodeIgniter->run()
#5 {main}
CRITICAL - 2022-02-13 20:08:08 --> count(): Parameter must be an array or an object that implements Countable
#0 [internal function]: CodeIgniter\Debug\Exceptions->errorHandler()
#1 /var/www/html/app/Controllers/OpenMeeting.php(25): count()
#2 /var/www/html/system/CodeIgniter.php(825): App\Controllers\OpenMeeting->open()
#3 /var/www/html/system/CodeIgniter.php(412): CodeIgniter\CodeIgniter->runController()
#4 /var/www/html/system/CodeIgniter.php(320): CodeIgniter\CodeIgniter->handleRequest()
#5 /var/www/html/index.php(37): CodeIgniter\CodeIgniter->run()
#6 {main}
CRITICAL - 2022-02-13 20:10:15 --> Undefined index: groupname
#0 /var/www/html/app/Controllers/OpenMeeting.php(24): CodeIgniter\Debug\Exceptions->errorHandler()
#1 /var/www/html/system/CodeIgniter.php(825): App\Controllers\OpenMeeting->open()
#2 /var/www/html/system/CodeIgniter.php(412): CodeIgniter\CodeIgniter->runController()
#3 /var/www/html/system/CodeIgniter.php(320): CodeIgniter\CodeIgniter->handleRequest()
#4 /var/www/html/index.php(37): CodeIgniter\CodeIgniter->run()
#5 {main}
CRITICAL - 2022-02-13 20:31:03 --> syntax error, unexpected 'echo' (T_ECHO)
#0 /var/www/html/system/Router/Router.php(175): CodeIgniter\Router\Router->autoRoute()
#1 /var/www/html/system/CodeIgniter.php(719): CodeIgniter\Router\Router->handle()
#2 /var/www/html/system/CodeIgniter.php(361): CodeIgniter\CodeIgniter->tryToRouteIt()
#3 /var/www/html/system/CodeIgniter.php(320): CodeIgniter\CodeIgniter->handleRequest()
#4 /var/www/html/index.php(37): CodeIgniter\CodeIgniter->run()
#5 {main}
CRITICAL - 2022-02-13 20:31:09 --> Cannot use [] for reading
#0 /var/www/html/system/CodeIgniter.php(825): App\Controllers\OpenMeeting->open()
#1 /var/www/html/system/CodeIgniter.php(412): CodeIgniter\CodeIgniter->runController()
#2 /var/www/html/system/CodeIgniter.php(320): CodeIgniter\CodeIgniter->handleRequest()
#3 /var/www/html/index.php(37): CodeIgniter\CodeIgniter->run()
#4 {main}
CRITICAL - 2022-02-13 20:31:31 --> array_search() expects parameter 2 to be array, string given
#0 [internal function]: CodeIgniter\Debug\Exceptions->errorHandler()
#1 /var/www/html/app/Controllers/OpenMeeting.php(26): array_search()
#2 /var/www/html/system/CodeIgniter.php(825): App\Controllers\OpenMeeting->open()
#3 /var/www/html/system/CodeIgniter.php(412): CodeIgniter\CodeIgniter->runController()
#4 /var/www/html/system/CodeIgniter.php(320): CodeIgniter\CodeIgniter->handleRequest()
#5 /var/www/html/index.php(37): CodeIgniter\CodeIgniter->run()
#6 {main}
CRITICAL - 2022-02-13 20:32:07 --> array_search() expects parameter 2 to be array, string given
#0 [internal function]: CodeIgniter\Debug\Exceptions->errorHandler()
#1 /var/www/html/app/Controllers/OpenMeeting.php(26): array_search()
#2 /var/www/html/system/CodeIgniter.php(825): App\Controllers\OpenMeeting->open()
#3 /var/www/html/system/CodeIgniter.php(412): CodeIgniter\CodeIgniter->runController()
#4 /var/www/html/system/CodeIgniter.php(320): CodeIgniter\CodeIgniter->handleRequest()
#5 /var/www/html/index.php(37): CodeIgniter\CodeIgniter->run()
#6 {main}
CRITICAL - 2022-02-13 20:33:16 --> array_search() expects parameter 2 to be array, string given
#0 [internal function]: CodeIgniter\Debug\Exceptions->errorHandler()
#1 /var/www/html/app/Controllers/OpenMeeting.php(26): array_search()
#2 /var/www/html/system/CodeIgniter.php(825): App\Controllers\OpenMeeting->open()
#3 /var/www/html/system/CodeIgniter.php(412): CodeIgniter\CodeIgniter->runController()
#4 /var/www/html/system/CodeIgniter.php(320): CodeIgniter\CodeIgniter->handleRequest()
#5 /var/www/html/index.php(37): CodeIgniter\CodeIgniter->run()
#6 {main}
CRITICAL - 2022-02-13 23:01:38 --> Class 'App\Controllers\timeTest' not found
#0 /var/www/html/system/CodeIgniter.php(825): App\Controllers\TestDB->index()
#1 /var/www/html/system/CodeIgniter.php(412): CodeIgniter\CodeIgniter->runController()
#2 /var/www/html/system/CodeIgniter.php(320): CodeIgniter\CodeIgniter->handleRequest()
#3 /var/www/html/index.php(37): CodeIgniter\CodeIgniter->run()
#4 {main}
CRITICAL - 2022-02-13 23:01:54 --> A non well formed numeric value encountered
#0 [internal function]: CodeIgniter\Debug\Exceptions->errorHandler()
#1 /var/www/html/app/Controllers/TestDB.php(12): date()
#2 /var/www/html/system/CodeIgniter.php(825): App\Controllers\TestDB->index()
#3 /var/www/html/system/CodeIgniter.php(412): CodeIgniter\CodeIgniter->runController()
#4 /var/www/html/system/CodeIgniter.php(320): CodeIgniter\CodeIgniter->handleRequest()
#5 /var/www/html/index.php(37): CodeIgniter\CodeIgniter->run()
#6 {main}
CRITICAL - 2022-02-13 23:02:29 --> A non well formed numeric value encountered
#0 [internal function]: CodeIgniter\Debug\Exceptions->errorHandler()
#1 /var/www/html/app/Controllers/TestDB.php(12): date()
#2 /var/www/html/system/CodeIgniter.php(825): App\Controllers\TestDB->index()
#3 /var/www/html/system/CodeIgniter.php(412): CodeIgniter\CodeIgniter->runController()
#4 /var/www/html/system/CodeIgniter.php(320): CodeIgniter\CodeIgniter->handleRequest()
#5 /var/www/html/index.php(37): CodeIgniter\CodeIgniter->run()
#6 {main}
CRITICAL - 2022-02-13 23:02:32 --> A non well formed numeric value encountered
#0 [internal function]: CodeIgniter\Debug\Exceptions->errorHandler()
#1 /var/www/html/app/Controllers/TestDB.php(12): date()
#2 /var/www/html/system/CodeIgniter.php(825): App\Controllers\TestDB->index()
#3 /var/www/html/system/CodeIgniter.php(412): CodeIgniter\CodeIgniter->runController()
#4 /var/www/html/system/CodeIgniter.php(320): CodeIgniter\CodeIgniter->handleRequest()
#5 /var/www/html/index.php(37): CodeIgniter\CodeIgniter->run()
#6 {main}
CRITICAL - 2022-02-13 23:03:55 --> date_format() expects parameter 1 to be DateTimeInterface, string given
#0 [internal function]: CodeIgniter\Debug\Exceptions->errorHandler()
#1 /var/www/html/app/Controllers/TestDB.php(12): date_format()
#2 /var/www/html/system/CodeIgniter.php(825): App\Controllers\TestDB->index()
#3 /var/www/html/system/CodeIgniter.php(412): CodeIgniter\CodeIgniter->runController()
#4 /var/www/html/system/CodeIgniter.php(320): CodeIgniter\CodeIgniter->handleRequest()
#5 /var/www/html/index.php(37): CodeIgniter\CodeIgniter->run()
#6 {main}
CRITICAL - 2022-02-13 23:04:20 --> Return value of CodeIgniter\BaseModel::transformDataToArray() must be of the type array, string returned
#0 /var/www/html/system/BaseModel.php(704): CodeIgniter\BaseModel->transformDataToArray()
#1 /var/www/html/system/Model.php(625): CodeIgniter\BaseModel->insert()
#2 /var/www/html/system/BaseModel.php(658): CodeIgniter\Model->insert()
#3 /var/www/html/app/Controllers/TestDB.php(13): CodeIgniter\BaseModel->save()
#4 /var/www/html/system/CodeIgniter.php(825): App\Controllers\TestDB->index()
#5 /var/www/html/system/CodeIgniter.php(412): CodeIgniter\CodeIgniter->runController()
#6 /var/www/html/system/CodeIgniter.php(320): CodeIgniter\CodeIgniter->handleRequest()
#7 /var/www/html/index.php(37): CodeIgniter\CodeIgniter->run()
#8 {main}
CRITICAL - 2022-02-13 23:05:15 --> date_format() expects parameter 1 to be DateTimeInterface, string given
#0 [internal function]: CodeIgniter\Debug\Exceptions->errorHandler()
#1 /var/www/html/app/Controllers/TestDB.php(12): date_format()
#2 /var/www/html/system/CodeIgniter.php(825): App\Controllers\TestDB->index()
#3 /var/www/html/system/CodeIgniter.php(412): CodeIgniter\CodeIgniter->runController()
#4 /var/www/html/system/CodeIgniter.php(320): CodeIgniter\CodeIgniter->handleRequest()
#5 /var/www/html/index.php(37): CodeIgniter\CodeIgniter->run()
#6 {main}
CRITICAL - 2022-02-13 23:06:36 --> date_format() expects exactly 2 parameters, 1 given
#0 [internal function]: CodeIgniter\Debug\Exceptions->errorHandler()
#1 /var/www/html/app/Controllers/TestDB.php(12): date_format()
#2 /var/www/html/system/CodeIgniter.php(825): App\Controllers\TestDB->index()
#3 /var/www/html/system/CodeIgniter.php(412): CodeIgniter\CodeIgniter->runController()
#4 /var/www/html/system/CodeIgniter.php(320): CodeIgniter\CodeIgniter->handleRequest()
#5 /var/www/html/index.php(37): CodeIgniter\CodeIgniter->run()
#6 {main}
CRITICAL - 2022-02-13 23:06:44 --> date_format() expects exactly 2 parameters, 1 given
#0 [internal function]: CodeIgniter\Debug\Exceptions->errorHandler()
#1 /var/www/html/app/Controllers/TestDB.php(12): date_format()
#2 /var/www/html/system/CodeIgniter.php(825): App\Controllers\TestDB->index()
#3 /var/www/html/system/CodeIgniter.php(412): CodeIgniter\CodeIgniter->runController()
#4 /var/www/html/system/CodeIgniter.php(320): CodeIgniter\CodeIgniter->handleRequest()
#5 /var/www/html/index.php(37): CodeIgniter\CodeIgniter->run()
#6 {main}
CRITICAL - 2022-02-13 23:06:54 --> date_format() expects parameter 1 to be DateTimeInterface, string given
#0 [internal function]: CodeIgniter\Debug\Exceptions->errorHandler()
#1 /var/www/html/app/Controllers/TestDB.php(12): date_format()
#2 /var/www/html/system/CodeIgniter.php(825): App\Controllers\TestDB->index()
#3 /var/www/html/system/CodeIgniter.php(412): CodeIgniter\CodeIgniter->runController()
#4 /var/www/html/system/CodeIgniter.php(320): CodeIgniter\CodeIgniter->handleRequest()
#5 /var/www/html/index.php(37): CodeIgniter\CodeIgniter->run()
#6 {main}
CRITICAL - 2022-02-13 23:07:15 --> Undefined variable: dates
#0 /var/www/html/app/Controllers/TestDB.php(12): CodeIgniter\Debug\Exceptions->errorHandler()
#1 /var/www/html/system/CodeIgniter.php(825): App\Controllers\TestDB->index()
#2 /var/www/html/system/CodeIgniter.php(412): CodeIgniter\CodeIgniter->runController()
#3 /var/www/html/system/CodeIgniter.php(320): CodeIgniter\CodeIgniter->handleRequest()
#4 /var/www/html/index.php(37): CodeIgniter\CodeIgniter->run()
#5 {main}
CRITICAL - 2022-02-13 23:07:26 --> date_format() expects parameter 1 to be DateTimeInterface, string given
#0 [internal function]: CodeIgniter\Debug\Exceptions->errorHandler()
#1 /var/www/html/app/Controllers/TestDB.php(12): date_format()
#2 /var/www/html/system/CodeIgniter.php(825): App\Controllers\TestDB->index()
#3 /var/www/html/system/CodeIgniter.php(412): CodeIgniter\CodeIgniter->runController()
#4 /var/www/html/system/CodeIgniter.php(320): CodeIgniter\CodeIgniter->handleRequest()
#5 /var/www/html/index.php(37): CodeIgniter\CodeIgniter->run()
#6 {main}
CRITICAL - 2022-02-13 23:09:19 --> date_format() expects parameter 1 to be DateTimeInterface, string given
#0 [internal function]: CodeIgniter\Debug\Exceptions->errorHandler()
#1 /var/www/html/app/Controllers/TestDB.php(12): date_format()
#2 /var/www/html/system/CodeIgniter.php(825): App\Controllers\TestDB->index()
#3 /var/www/html/system/CodeIgniter.php(412): CodeIgniter\CodeIgniter->runController()
#4 /var/www/html/system/CodeIgniter.php(320): CodeIgniter\CodeIgniter->handleRequest()
#5 /var/www/html/index.php(37): CodeIgniter\CodeIgniter->run()
#6 {main}
CRITICAL - 2022-02-13 23:10:00 --> date_format() expects parameter 1 to be DateTimeInterface, string given
#0 [internal function]: CodeIgniter\Debug\Exceptions->errorHandler()
#1 /var/www/html/app/Controllers/TestDB.php(12): date_format()
#2 /var/www/html/system/CodeIgniter.php(825): App\Controllers\TestDB->index()
#3 /var/www/html/system/CodeIgniter.php(412): CodeIgniter\CodeIgniter->runController()
#4 /var/www/html/system/CodeIgniter.php(320): CodeIgniter\CodeIgniter->handleRequest()
#5 /var/www/html/index.php(37): CodeIgniter\CodeIgniter->run()
#6 {main}
CRITICAL - 2022-02-13 23:10:14 --> A non well formed numeric value encountered
#0 [internal function]: CodeIgniter\Debug\Exceptions->errorHandler()
#1 /var/www/html/app/Controllers/TestDB.php(11): date()
#2 /var/www/html/system/CodeIgniter.php(825): App\Controllers\TestDB->index()
#3 /var/www/html/system/CodeIgniter.php(412): CodeIgniter\CodeIgniter->runController()
#4 /var/www/html/system/CodeIgniter.php(320): CodeIgniter\CodeIgniter->handleRequest()
#5 /var/www/html/index.php(37): CodeIgniter\CodeIgniter->run()
#6 {main}
CRITICAL - 2022-02-13 23:10:40 --> date_format() expects parameter 1 to be DateTimeInterface, string given
#0 [internal function]: CodeIgniter\Debug\Exceptions->errorHandler()
#1 /var/www/html/app/Controllers/TestDB.php(12): date_format()
#2 /var/www/html/system/CodeIgniter.php(825): App\Controllers\TestDB->index()
#3 /var/www/html/system/CodeIgniter.php(412): CodeIgniter\CodeIgniter->runController()
#4 /var/www/html/system/CodeIgniter.php(320): CodeIgniter\CodeIgniter->handleRequest()
#5 /var/www/html/index.php(37): CodeIgniter\CodeIgniter->run()
#6 {main}
CRITICAL - 2022-02-13 23:10:49 --> date_format() expects parameter 1 to be DateTimeInterface, string given
#0 [internal function]: CodeIgniter\Debug\Exceptions->errorHandler()
#1 /var/www/html/app/Controllers/TestDB.php(13): date_format()
#2 /var/www/html/system/CodeIgniter.php(825): App\Controllers\TestDB->index()
#3 /var/www/html/system/CodeIgniter.php(412): CodeIgniter\CodeIgniter->runController()
#4 /var/www/html/system/CodeIgniter.php(320): CodeIgniter\CodeIgniter->handleRequest()
#5 /var/www/html/index.php(37): CodeIgniter\CodeIgniter->run()
#6 {main}
CRITICAL - 2022-02-13 23:10:55 --> date_format() expects parameter 1 to be DateTimeInterface, string given
#0 [internal function]: CodeIgniter\Debug\Exceptions->errorHandler()
#1 /var/www/html/app/Controllers/TestDB.php(13): date_format()
#2 /var/www/html/system/CodeIgniter.php(825): App\Controllers\TestDB->index()
#3 /var/www/html/system/CodeIgniter.php(412): CodeIgniter\CodeIgniter->runController()
#4 /var/www/html/system/CodeIgniter.php(320): CodeIgniter\CodeIgniter->handleRequest()
#5 /var/www/html/index.php(37): CodeIgniter\CodeIgniter->run()
#6 {main}
CRITICAL - 2022-02-13 23:10:57 --> date_format() expects parameter 1 to be DateTimeInterface, string given
#0 [internal function]: CodeIgniter\Debug\Exceptions->errorHandler()
#1 /var/www/html/app/Controllers/TestDB.php(13): date_format()
#2 /var/www/html/system/CodeIgniter.php(825): App\Controllers\TestDB->index()
#3 /var/www/html/system/CodeIgniter.php(412): CodeIgniter\CodeIgniter->runController()
#4 /var/www/html/system/CodeIgniter.php(320): CodeIgniter\CodeIgniter->handleRequest()
#5 /var/www/html/index.php(37): CodeIgniter\CodeIgniter->run()
#6 {main}
CRITICAL - 2022-02-13 23:10:58 --> date_format() expects parameter 1 to be DateTimeInterface, string given
#0 [internal function]: CodeIgniter\Debug\Exceptions->errorHandler()
#1 /var/www/html/app/Controllers/TestDB.php(13): date_format()
#2 /var/www/html/system/CodeIgniter.php(825): App\Controllers\TestDB->index()
#3 /var/www/html/system/CodeIgniter.php(412): CodeIgniter\CodeIgniter->runController()
#4 /var/www/html/system/CodeIgniter.php(320): CodeIgniter\CodeIgniter->handleRequest()
#5 /var/www/html/index.php(37): CodeIgniter\CodeIgniter->run()
#6 {main}
CRITICAL - 2022-02-13 23:10:58 --> date_format() expects parameter 1 to be DateTimeInterface, string given
#0 [internal function]: CodeIgniter\Debug\Exceptions->errorHandler()
#1 /var/www/html/app/Controllers/TestDB.php(13): date_format()
#2 /var/www/html/system/CodeIgniter.php(825): App\Controllers\TestDB->index()
#3 /var/www/html/system/CodeIgniter.php(412): CodeIgniter\CodeIgniter->runController()
#4 /var/www/html/system/CodeIgniter.php(320): CodeIgniter\CodeIgniter->handleRequest()
#5 /var/www/html/index.php(37): CodeIgniter\CodeIgniter->run()
#6 {main}
CRITICAL - 2022-02-13 23:10:59 --> date_format() expects parameter 1 to be DateTimeInterface, string given
#0 [internal function]: CodeIgniter\Debug\Exceptions->errorHandler()
#1 /var/www/html/app/Controllers/TestDB.php(13): date_format()
#2 /var/www/html/system/CodeIgniter.php(825): App\Controllers\TestDB->index()
#3 /var/www/html/system/CodeIgniter.php(412): CodeIgniter\CodeIgniter->runController()
#4 /var/www/html/system/CodeIgniter.php(320): CodeIgniter\CodeIgniter->handleRequest()
#5 /var/www/html/index.php(37): CodeIgniter\CodeIgniter->run()
#6 {main}
CRITICAL - 2022-02-13 23:10:59 --> date_format() expects parameter 1 to be DateTimeInterface, string given
#0 [internal function]: CodeIgniter\Debug\Exceptions->errorHandler()
#1 /var/www/html/app/Controllers/TestDB.php(13): date_format()
#2 /var/www/html/system/CodeIgniter.php(825): App\Controllers\TestDB->index()
#3 /var/www/html/system/CodeIgniter.php(412): CodeIgniter\CodeIgniter->runController()
#4 /var/www/html/system/CodeIgniter.php(320): CodeIgniter\CodeIgniter->handleRequest()
#5 /var/www/html/index.php(37): CodeIgniter\CodeIgniter->run()
#6 {main}
CRITICAL - 2022-02-13 23:10:59 --> date_format() expects parameter 1 to be DateTimeInterface, string given
#0 [internal function]: CodeIgniter\Debug\Exceptions->errorHandler()
#1 /var/www/html/app/Controllers/TestDB.php(13): date_format()
#2 /var/www/html/system/CodeIgniter.php(825): App\Controllers\TestDB->index()
#3 /var/www/html/system/CodeIgniter.php(412): CodeIgniter\CodeIgniter->runController()
#4 /var/www/html/system/CodeIgniter.php(320): CodeIgniter\CodeIgniter->handleRequest()
#5 /var/www/html/index.php(37): CodeIgniter\CodeIgniter->run()
#6 {main}
CRITICAL - 2022-02-13 23:10:59 --> date_format() expects parameter 1 to be DateTimeInterface, string given
#0 [internal function]: CodeIgniter\Debug\Exceptions->errorHandler()
#1 /var/www/html/app/Controllers/TestDB.php(13): date_format()
#2 /var/www/html/system/CodeIgniter.php(825): App\Controllers\TestDB->index()
#3 /var/www/html/system/CodeIgniter.php(412): CodeIgniter\CodeIgniter->runController()
#4 /var/www/html/system/CodeIgniter.php(320): CodeIgniter\CodeIgniter->handleRequest()
#5 /var/www/html/index.php(37): CodeIgniter\CodeIgniter->run()
#6 {main}
CRITICAL - 2022-02-13 23:11:00 --> date_format() expects parameter 1 to be DateTimeInterface, string given
#0 [internal function]: CodeIgniter\Debug\Exceptions->errorHandler()
#1 /var/www/html/app/Controllers/TestDB.php(13): date_format()
#2 /var/www/html/system/CodeIgniter.php(825): App\Controllers\TestDB->index()
#3 /var/www/html/system/CodeIgniter.php(412): CodeIgniter\CodeIgniter->runController()
#4 /var/www/html/system/CodeIgniter.php(320): CodeIgniter\CodeIgniter->handleRequest()
#5 /var/www/html/index.php(37): CodeIgniter\CodeIgniter->run()
#6 {main}
CRITICAL - 2022-02-13 23:11:00 --> date_format() expects parameter 1 to be DateTimeInterface, string given
#0 [internal function]: CodeIgniter\Debug\Exceptions->errorHandler()
#1 /var/www/html/app/Controllers/TestDB.php(13): date_format()
#2 /var/www/html/system/CodeIgniter.php(825): App\Controllers\TestDB->index()
#3 /var/www/html/system/CodeIgniter.php(412): CodeIgniter\CodeIgniter->runController()
#4 /var/www/html/system/CodeIgniter.php(320): CodeIgniter\CodeIgniter->handleRequest()
#5 /var/www/html/index.php(37): CodeIgniter\CodeIgniter->run()
#6 {main}
CRITICAL - 2022-02-13 23:11:25 --> Return value of CodeIgniter\BaseModel::transformDataToArray() must be of the type array, string returned
#0 /var/www/html/system/BaseModel.php(704): CodeIgniter\BaseModel->transformDataToArray()
#1 /var/www/html/system/Model.php(625): CodeIgniter\BaseModel->insert()
#2 /var/www/html/system/BaseModel.php(658): CodeIgniter\Model->insert()
#3 /var/www/html/app/Controllers/TestDB.php(13): CodeIgniter\BaseModel->save()
#4 /var/www/html/system/CodeIgniter.php(825): App\Controllers\TestDB->index()
#5 /var/www/html/system/CodeIgniter.php(412): CodeIgniter\CodeIgniter->runController()
#6 /var/www/html/system/CodeIgniter.php(320): CodeIgniter\CodeIgniter->handleRequest()
#7 /var/www/html/index.php(37): CodeIgniter\CodeIgniter->run()
#8 {main}
CRITICAL - 2022-02-13 23:11:39 --> Return value of CodeIgniter\BaseModel::transformDataToArray() must be of the type array, string returned
#0 /var/www/html/system/BaseModel.php(704): CodeIgniter\BaseModel->transformDataToArray()
#1 /var/www/html/system/Model.php(625): CodeIgniter\BaseModel->insert()
#2 /var/www/html/system/BaseModel.php(658): CodeIgniter\Model->insert()
#3 /var/www/html/app/Controllers/TestDB.php(13): CodeIgniter\BaseModel->save()
#4 /var/www/html/system/CodeIgniter.php(825): App\Controllers\TestDB->index()
#5 /var/www/html/system/CodeIgniter.php(412): CodeIgniter\CodeIgniter->runController()
#6 /var/www/html/system/CodeIgniter.php(320): CodeIgniter\CodeIgniter->handleRequest()
#7 /var/www/html/index.php(37): CodeIgniter\CodeIgniter->run()
#8 {main}
CRITICAL - 2022-02-13 23:11:40 --> Return value of CodeIgniter\BaseModel::transformDataToArray() must be of the type array, string returned
#0 /var/www/html/system/BaseModel.php(704): CodeIgniter\BaseModel->transformDataToArray()
#1 /var/www/html/system/Model.php(625): CodeIgniter\BaseModel->insert()
#2 /var/www/html/system/BaseModel.php(658): CodeIgniter\Model->insert()
#3 /var/www/html/app/Controllers/TestDB.php(13): CodeIgniter\BaseModel->save()
#4 /var/www/html/system/CodeIgniter.php(825): App\Controllers\TestDB->index()
#5 /var/www/html/system/CodeIgniter.php(412): CodeIgniter\CodeIgniter->runController()
#6 /var/www/html/system/CodeIgniter.php(320): CodeIgniter\CodeIgniter->handleRequest()
#7 /var/www/html/index.php(37): CodeIgniter\CodeIgniter->run()
#8 {main}
CRITICAL - 2022-02-13 23:13:19 --> Return value of CodeIgniter\BaseModel::transformDataToArray() must be of the type array, string returned
#0 /var/www/html/system/BaseModel.php(704): CodeIgniter\BaseModel->transformDataToArray()
#1 /var/www/html/system/Model.php(625): CodeIgniter\BaseModel->insert()
#2 /var/www/html/system/BaseModel.php(658): CodeIgniter\Model->insert()
#3 /var/www/html/app/Controllers/TestDB.php(12): CodeIgniter\BaseModel->save()
#4 /var/www/html/system/CodeIgniter.php(825): App\Controllers\TestDB->index()
#5 /var/www/html/system/CodeIgniter.php(412): CodeIgniter\CodeIgniter->runController()
#6 /var/www/html/system/CodeIgniter.php(320): CodeIgniter\CodeIgniter->handleRequest()
#7 /var/www/html/index.php(37): CodeIgniter\CodeIgniter->run()
#8 {main}
CRITICAL - 2022-02-13 23:14:10 --> Return value of CodeIgniter\BaseModel::transformDataToArray() must be of the type array, string returned
#0 /var/www/html/system/BaseModel.php(704): CodeIgniter\BaseModel->transformDataToArray()
#1 /var/www/html/system/Model.php(625): CodeIgniter\BaseModel->insert()
#2 /var/www/html/system/BaseModel.php(658): CodeIgniter\Model->insert()
#3 /var/www/html/app/Controllers/TestDB.php(12): CodeIgniter\BaseModel->save()
#4 /var/www/html/system/CodeIgniter.php(825): App\Controllers\TestDB->index()
#5 /var/www/html/system/CodeIgniter.php(412): CodeIgniter\CodeIgniter->runController()
#6 /var/www/html/system/CodeIgniter.php(320): CodeIgniter\CodeIgniter->handleRequest()
#7 /var/www/html/index.php(37): CodeIgniter\CodeIgniter->run()
#8 {main}
CRITICAL - 2022-02-13 23:14:11 --> Return value of CodeIgniter\BaseModel::transformDataToArray() must be of the type array, string returned
#0 /var/www/html/system/BaseModel.php(704): CodeIgniter\BaseModel->transformDataToArray()
#1 /var/www/html/system/Model.php(625): CodeIgniter\BaseModel->insert()
#2 /var/www/html/system/BaseModel.php(658): CodeIgniter\Model->insert()
#3 /var/www/html/app/Controllers/TestDB.php(12): CodeIgniter\BaseModel->save()
#4 /var/www/html/system/CodeIgniter.php(825): App\Controllers\TestDB->index()
#5 /var/www/html/system/CodeIgniter.php(412): CodeIgniter\CodeIgniter->runController()
#6 /var/www/html/system/CodeIgniter.php(320): CodeIgniter\CodeIgniter->handleRequest()
#7 /var/www/html/index.php(37): CodeIgniter\CodeIgniter->run()
#8 {main}
CRITICAL - 2022-02-13 23:16:25 --> Return value of CodeIgniter\BaseModel::transformDataToArray() must be of the type array, string returned
#0 /var/www/html/system/BaseModel.php(704): CodeIgniter\BaseModel->transformDataToArray()
#1 /var/www/html/system/Model.php(625): CodeIgniter\BaseModel->insert()
#2 /var/www/html/system/BaseModel.php(658): CodeIgniter\Model->insert()
#3 /var/www/html/app/Controllers/TestDB.php(12): CodeIgniter\BaseModel->save()
#4 /var/www/html/system/CodeIgniter.php(825): App\Controllers\TestDB->index()
#5 /var/www/html/system/CodeIgniter.php(412): CodeIgniter\CodeIgniter->runController()
#6 /var/www/html/system/CodeIgniter.php(320): CodeIgniter\CodeIgniter->handleRequest()
#7 /var/www/html/index.php(37): CodeIgniter\CodeIgniter->run()
#8 {main}
CRITICAL - 2022-02-13 23:16:58 --> Return value of CodeIgniter\BaseModel::transformDataToArray() must be of the type array, string returned
#0 /var/www/html/system/BaseModel.php(704): CodeIgniter\BaseModel->transformDataToArray()
#1 /var/www/html/system/Model.php(625): CodeIgniter\BaseModel->insert()
#2 /var/www/html/system/BaseModel.php(658): CodeIgniter\Model->insert()
#3 /var/www/html/app/Controllers/TestDB.php(12): CodeIgniter\BaseModel->save()
#4 /var/www/html/system/CodeIgniter.php(825): App\Controllers\TestDB->index()
#5 /var/www/html/system/CodeIgniter.php(412): CodeIgniter\CodeIgniter->runController()
#6 /var/www/html/system/CodeIgniter.php(320): CodeIgniter\CodeIgniter->handleRequest()
#7 /var/www/html/index.php(37): CodeIgniter\CodeIgniter->run()
#8 {main}
CRITICAL - 2022-02-13 23:17:54 --> Return value of CodeIgniter\BaseModel::transformDataToArray() must be of the type array, string returned
#0 /var/www/html/system/BaseModel.php(704): CodeIgniter\BaseModel->transformDataToArray()
#1 /var/www/html/system/Model.php(625): CodeIgniter\BaseModel->insert()
#2 /var/www/html/system/BaseModel.php(658): CodeIgniter\Model->insert()
#3 /var/www/html/app/Controllers/TestDB.php(12): CodeIgniter\BaseModel->save()
#4 /var/www/html/system/CodeIgniter.php(825): App\Controllers\TestDB->index()
#5 /var/www/html/system/CodeIgniter.php(412): CodeIgniter\CodeIgniter->runController()
#6 /var/www/html/system/CodeIgniter.php(320): CodeIgniter\CodeIgniter->handleRequest()
#7 /var/www/html/index.php(37): CodeIgniter\CodeIgniter->run()
#8 {main}
CRITICAL - 2022-02-13 23:21:02 --> There is no data to insert.
#0 /var/www/html/system/BaseModel.php(718): CodeIgniter\Database\Exceptions\DataException::forEmptyDataset()
#1 /var/www/html/system/Model.php(625): CodeIgniter\BaseModel->insert()
#2 /var/www/html/system/BaseModel.php(658): CodeIgniter\Model->insert()
#3 /var/www/html/app/Controllers/TestDB.php(12): CodeIgniter\BaseModel->save()
#4 /var/www/html/system/CodeIgniter.php(825): App\Controllers\TestDB->index()
#5 /var/www/html/system/CodeIgniter.php(412): CodeIgniter\CodeIgniter->runController()
#6 /var/www/html/system/CodeIgniter.php(320): CodeIgniter\CodeIgniter->handleRequest()
#7 /var/www/html/index.php(37): CodeIgniter\CodeIgniter->run()
#8 {main}
CRITICAL - 2022-02-13 23:28:47 --> Undefined variable: session
#0 /var/www/html/app/Controllers/OpenMeeting.php(74): CodeIgniter\Debug\Exceptions->errorHandler()
#1 /var/www/html/system/CodeIgniter.php(825): App\Controllers\OpenMeeting->open()
#2 /var/www/html/system/CodeIgniter.php(412): CodeIgniter\CodeIgniter->runController()
#3 /var/www/html/system/CodeIgniter.php(320): CodeIgniter\CodeIgniter->handleRequest()
#4 /var/www/html/index.php(37): CodeIgniter\CodeIgniter->run()
#5 {main}
CRITICAL - 2022-02-13 23:31:12 --> Object of class CodeIgniter\Validation\Validation could not be converted to string
#0 /var/www/html/system/View/View.php(210): include()
#1 /var/www/html/system/View/View.php(213): CodeIgniter\View\View->CodeIgniter\View\{closure}()
#2 /var/www/html/system/Common.php(1089): CodeIgniter\View\View->render()
#3 /var/www/html/app/Controllers/OpenMeeting.php(15): view()
#4 /var/www/html/system/CodeIgniter.php(825): App\Controllers\OpenMeeting->index()
#5 /var/www/html/system/CodeIgniter.php(412): CodeIgniter\CodeIgniter->runController()
#6 /var/www/html/system/CodeIgniter.php(320): CodeIgniter\CodeIgniter->handleRequest()
#7 /var/www/html/index.php(37): CodeIgniter\CodeIgniter->run()
#8 {main}
CRITICAL - 2022-02-13 23:32:31 --> Object of class CodeIgniter\Validation\Validation could not be converted to string
#0 /var/www/html/system/View/View.php(210): include()
#1 /var/www/html/system/View/View.php(213): CodeIgniter\View\View->CodeIgniter\View\{closure}()
#2 /var/www/html/system/Common.php(1089): CodeIgniter\View\View->render()
#3 /var/www/html/app/Controllers/OpenMeeting.php(15): view()
#4 /var/www/html/system/CodeIgniter.php(825): App\Controllers\OpenMeeting->index()
#5 /var/www/html/system/CodeIgniter.php(412): CodeIgniter\CodeIgniter->runController()
#6 /var/www/html/system/CodeIgniter.php(320): CodeIgniter\CodeIgniter->handleRequest()
#7 /var/www/html/index.php(37): CodeIgniter\CodeIgniter->run()
#8 {main}
CRITICAL - 2022-02-13 23:36:20 --> Invalid file: /OpenMeeting.php
#0 /var/www/html/system/View/View.php(198): CodeIgniter\Exceptions\FrameworkException::forInvalidFile()
#1 /var/www/html/system/Common.php(1089): CodeIgniter\View\View->render()
#2 /var/www/html/app/Controllers/OpenMeeting.php(80): view()
#3 /var/www/html/system/CodeIgniter.php(825): App\Controllers\OpenMeeting->open()
#4 /var/www/html/system/CodeIgniter.php(412): CodeIgniter\CodeIgniter->runController()
#5 /var/www/html/system/CodeIgniter.php(320): CodeIgniter\CodeIgniter->handleRequest()
#6 /var/www/html/index.php(37): CodeIgniter\CodeIgniter->run()
#7 {main}
CRITICAL - 2022-02-13 23:38:12 --> Invalid file: OpenMeeting.php
#0 /var/www/html/system/View/View.php(198): CodeIgniter\Exceptions\FrameworkException::forInvalidFile()
#1 /var/www/html/system/Common.php(1089): CodeIgniter\View\View->render()
#2 /var/www/html/app/Controllers/OpenMeeting.php(81): view()
#3 /var/www/html/system/CodeIgniter.php(825): App\Controllers\OpenMeeting->open()
#4 /var/www/html/system/CodeIgniter.php(412): CodeIgniter\CodeIgniter->runController()
#5 /var/www/html/system/CodeIgniter.php(320): CodeIgniter\CodeIgniter->handleRequest()
#6 /var/www/html/index.php(37): CodeIgniter\CodeIgniter->run()
#7 {main}
CRITICAL - 2022-02-13 23:39:08 --> Class 'App\Models\mtModel' not found
#0 /var/www/html/system/CodeIgniter.php(825): App\Controllers\OpenMeeting->open()
#1 /var/www/html/system/CodeIgniter.php(412): CodeIgniter\CodeIgniter->runController()
#2 /var/www/html/system/CodeIgniter.php(320): CodeIgniter\CodeIgniter->handleRequest()
#3 /var/www/html/index.php(37): CodeIgniter\CodeIgniter->run()
#4 {main}
CRITICAL - 2022-02-13 23:39:39 --> Class 'App\Models\MTGroup' not found
#0 /var/www/html/system/CodeIgniter.php(825): App\Controllers\OpenMeeting->open()
#1 /var/www/html/system/CodeIgniter.php(412): CodeIgniter\CodeIgniter->runController()
#2 /var/www/html/system/CodeIgniter.php(320): CodeIgniter\CodeIgniter->handleRequest()
#3 /var/www/html/index.php(37): CodeIgniter\CodeIgniter->run()
#4 {main}
CRITICAL - 2022-02-13 23:41:23 --> Undefined index: approvalType[0]
#0 /var/www/html/app/Controllers/OpenMeeting.php(64): CodeIgniter\Debug\Exceptions->errorHandler()
#1 /var/www/html/system/CodeIgniter.php(825): App\Controllers\OpenMeeting->open()
#2 /var/www/html/system/CodeIgniter.php(412): CodeIgniter\CodeIgniter->runController()
#3 /var/www/html/system/CodeIgniter.php(320): CodeIgniter\CodeIgniter->handleRequest()
#4 /var/www/html/index.php(37): CodeIgniter\CodeIgniter->run()
#5 {main}
CRITICAL - 2022-02-13 23:43:01 --> Undefined index: approvalType[1]
#0 /var/www/html/app/Controllers/OpenMeeting.php(64): CodeIgniter\Debug\Exceptions->errorHandler()
#1 /var/www/html/system/CodeIgniter.php(825): App\Controllers\OpenMeeting->open()
#2 /var/www/html/system/CodeIgniter.php(412): CodeIgniter\CodeIgniter->runController()
#3 /var/www/html/system/CodeIgniter.php(320): CodeIgniter\CodeIgniter->handleRequest()
#4 /var/www/html/index.php(37): CodeIgniter\CodeIgniter->run()
#5 {main}
CRITICAL - 2022-02-13 23:46:13 --> Undefined index: approvalType1
#0 /var/www/html/app/Controllers/OpenMeeting.php(64): CodeIgniter\Debug\Exceptions->errorHandler()
#1 /var/www/html/system/CodeIgniter.php(825): App\Controllers\OpenMeeting->open()
#2 /var/www/html/system/CodeIgniter.php(412): CodeIgniter\CodeIgniter->runController()
#3 /var/www/html/system/CodeIgniter.php(320): CodeIgniter\CodeIgniter->handleRequest()
#4 /var/www/html/index.php(37): CodeIgniter\CodeIgniter->run()
#5 {main}
CRITICAL - 2022-02-13 23:49:32 --> Undefined index: approvalType1
#0 /var/www/html/app/Controllers/OpenMeeting.php(64): CodeIgniter\Debug\Exceptions->errorHandler()
#1 /var/www/html/system/CodeIgniter.php(825): App\Controllers\OpenMeeting->open()
#2 /var/www/html/system/CodeIgniter.php(412): CodeIgniter\CodeIgniter->runController()
#3 /var/www/html/system/CodeIgniter.php(320): CodeIgniter\CodeIgniter->handleRequest()
#4 /var/www/html/index.php(37): CodeIgniter\CodeIgniter->run()
#5 {main}
ERROR - 2022-02-13 23:51:37 --> Operand should contain 1 column(s)
CRITICAL - 2022-02-13 23:51:37 --> Operand should contain 1 column(s)
#0 /var/www/html/system/Database/MySQLi/Connection.php(292): mysqli->query()
#1 /var/www/html/system/Database/BaseConnection.php(670): CodeIgniter\Database\MySQLi\Connection->execute()
#2 /var/www/html/system/Database/BaseConnection.php(598): CodeIgniter\Database\BaseConnection->simpleQuery()
#3 /var/www/html/system/Database/BaseBuilder.php(1771): CodeIgniter\Database\BaseConnection->query()
#4 /var/www/html/system/Model.php(239): CodeIgniter\Database\BaseBuilder->insert()
#5 /var/www/html/system/BaseModel.php(738): CodeIgniter\Model->doInsert()
#6 /var/www/html/system/Model.php(625): CodeIgniter\BaseModel->insert()
#7 /var/www/html/system/BaseModel.php(658): CodeIgniter\Model->insert()
#8 /var/www/html/app/Controllers/OpenMeeting.php(65): CodeIgniter\BaseModel->save()
#9 /var/www/html/system/CodeIgniter.php(825): App\Controllers\OpenMeeting->open()
#10 /var/www/html/system/CodeIgniter.php(412): CodeIgniter\CodeIgniter->runController()
#11 /var/www/html/system/CodeIgniter.php(320): CodeIgniter\CodeIgniter->handleRequest()
#12 /var/www/html/index.php(37): CodeIgniter\CodeIgniter->run()
#13 {main}
ERROR - 2022-02-13 23:52:44 --> Operand should contain 1 column(s)
CRITICAL - 2022-02-13 23:52:44 --> Operand should contain 1 column(s)
#0 /var/www/html/system/Database/MySQLi/Connection.php(292): mysqli->query()
#1 /var/www/html/system/Database/BaseConnection.php(670): CodeIgniter\Database\MySQLi\Connection->execute()
#2 /var/www/html/system/Database/BaseConnection.php(598): CodeIgniter\Database\BaseConnection->simpleQuery()
#3 /var/www/html/system/Database/BaseBuilder.php(1771): CodeIgniter\Database\BaseConnection->query()
#4 /var/www/html/system/Model.php(239): CodeIgniter\Database\BaseBuilder->insert()
#5 /var/www/html/system/BaseModel.php(738): CodeIgniter\Model->doInsert()
#6 /var/www/html/system/Model.php(625): CodeIgniter\BaseModel->insert()
#7 /var/www/html/system/BaseModel.php(658): CodeIgniter\Model->insert()
#8 /var/www/html/app/Controllers/OpenMeeting.php(65): CodeIgniter\BaseModel->save()
#9 /var/www/html/system/CodeIgniter.php(825): App\Controllers\OpenMeeting->open()
#10 /var/www/html/system/CodeIgniter.php(412): CodeIgniter\CodeIgniter->runController()
#11 /var/www/html/system/CodeIgniter.php(320): CodeIgniter\CodeIgniter->handleRequest()
#12 /var/www/html/index.php(37): CodeIgniter\CodeIgniter->run()
#13 {main}
