CRITICAL - 2022-02-17 09:31:44 --> Deletes are not allowed unless they contain a "where" or "like" clause.
#0 /var/www/html/system/Model.php(359): CodeIgniter\Database\BaseBuilder->delete()
#1 /var/www/html/system/BaseModel.php(963): CodeIgniter\Model->doDelete()
#2 /var/www/html/app/Controllers/Test.php(17): CodeIgniter\BaseModel->delete()
#3 /var/www/html/system/CodeIgniter.php(825): App\Controllers\Test->alertinfo()
#4 /var/www/html/system/CodeIgniter.php(412): CodeIgniter\CodeIgniter->runController()
#5 /var/www/html/system/CodeIgniter.php(320): CodeIgniter\CodeIgniter->handleRequest()
#6 /var/www/html/index.php(37): CodeIgniter\CodeIgniter->run()
#7 {main}
CRITICAL - 2022-02-17 10:00:17 --> There is no data to update.
#0 /var/www/html/system/BaseModel.php(846): CodeIgniter\Database\Exceptions\DataException::forEmptyDataset()
#1 /var/www/html/system/Model.php(651): CodeIgniter\BaseModel->update()
#2 /var/www/html/app/Controllers/MTPage.php(89): CodeIgniter\Model->update()
#3 /var/www/html/system/CodeIgniter.php(825): App\Controllers\MTPage->attend()
#4 /var/www/html/system/CodeIgniter.php(412): CodeIgniter\CodeIgniter->runController()
#5 /var/www/html/system/CodeIgniter.php(320): CodeIgniter\CodeIgniter->handleRequest()
#6 /var/www/html/index.php(37): CodeIgniter\CodeIgniter->run()
#7 {main}
CRITICAL - 2022-02-17 10:03:39 --> There is no data to update.
#0 /var/www/html/system/BaseModel.php(846): CodeIgniter\Database\Exceptions\DataException::forEmptyDataset()
#1 /var/www/html/system/Model.php(651): CodeIgniter\BaseModel->update()
#2 /var/www/html/app/Controllers/MTPage.php(89): CodeIgniter\Model->update()
#3 /var/www/html/system/CodeIgniter.php(825): App\Controllers\MTPage->attend()
#4 /var/www/html/system/CodeIgniter.php(412): CodeIgniter\CodeIgniter->runController()
#5 /var/www/html/system/CodeIgniter.php(320): CodeIgniter\CodeIgniter->handleRequest()
#6 /var/www/html/index.php(37): CodeIgniter\CodeIgniter->run()
#7 {main}
CRITICAL - 2022-02-17 10:04:11 --> There is no data to update.
#0 /var/www/html/system/BaseModel.php(846): CodeIgniter\Database\Exceptions\DataException::forEmptyDataset()
#1 /var/www/html/system/Model.php(651): CodeIgniter\BaseModel->update()
#2 /var/www/html/app/Controllers/MTPage.php(90): CodeIgniter\Model->update()
#3 /var/www/html/system/CodeIgniter.php(825): App\Controllers\MTPage->attend()
#4 /var/www/html/system/CodeIgniter.php(412): CodeIgniter\CodeIgniter->runController()
#5 /var/www/html/system/CodeIgniter.php(320): CodeIgniter\CodeIgniter->handleRequest()
#6 /var/www/html/index.php(37): CodeIgniter\CodeIgniter->run()
#7 {main}
CRITICAL - 2022-02-17 10:06:54 --> There is no data to update.
#0 /var/www/html/system/BaseModel.php(846): CodeIgniter\Database\Exceptions\DataException::forEmptyDataset()
#1 /var/www/html/system/Model.php(651): CodeIgniter\BaseModel->update()
#2 /var/www/html/app/Controllers/MTPage.php(90): CodeIgniter\Model->update()
#3 /var/www/html/system/CodeIgniter.php(825): App\Controllers\MTPage->attend()
#4 /var/www/html/system/CodeIgniter.php(412): CodeIgniter\CodeIgniter->runController()
#5 /var/www/html/system/CodeIgniter.php(320): CodeIgniter\CodeIgniter->handleRequest()
#6 /var/www/html/index.php(37): CodeIgniter\CodeIgniter->run()
#7 {main}
CRITICAL - 2022-02-17 10:07:40 --> There is no data to update.
#0 /var/www/html/system/BaseModel.php(846): CodeIgniter\Database\Exceptions\DataException::forEmptyDataset()
#1 /var/www/html/system/Model.php(651): CodeIgniter\BaseModel->update()
#2 /var/www/html/app/Controllers/MTPage.php(90): CodeIgniter\Model->update()
#3 /var/www/html/system/CodeIgniter.php(825): App\Controllers\MTPage->attend()
#4 /var/www/html/system/CodeIgniter.php(412): CodeIgniter\CodeIgniter->runController()
#5 /var/www/html/system/CodeIgniter.php(320): CodeIgniter\CodeIgniter->handleRequest()
#6 /var/www/html/index.php(37): CodeIgniter\CodeIgniter->run()
#7 {main}
CRITICAL - 2022-02-17 10:08:33 --> There is no data to update.
#0 /var/www/html/system/BaseModel.php(846): CodeIgniter\Database\Exceptions\DataException::forEmptyDataset()
#1 /var/www/html/system/Model.php(651): CodeIgniter\BaseModel->update()
#2 /var/www/html/app/Controllers/MTPage.php(90): CodeIgniter\Model->update()
#3 /var/www/html/system/CodeIgniter.php(825): App\Controllers\MTPage->attend()
#4 /var/www/html/system/CodeIgniter.php(412): CodeIgniter\CodeIgniter->runController()
#5 /var/www/html/system/CodeIgniter.php(320): CodeIgniter\CodeIgniter->handleRequest()
#6 /var/www/html/index.php(37): CodeIgniter\CodeIgniter->run()
#7 {main}
CRITICAL - 2022-02-17 10:10:24 --> There is no data to update.
#0 /var/www/html/system/BaseModel.php(846): CodeIgniter\Database\Exceptions\DataException::forEmptyDataset()
#1 /var/www/html/system/Model.php(651): CodeIgniter\BaseModel->update()
#2 /var/www/html/app/Controllers/MTPage.php(90): CodeIgniter\Model->update()
#3 /var/www/html/system/CodeIgniter.php(825): App\Controllers\MTPage->attend()
#4 /var/www/html/system/CodeIgniter.php(412): CodeIgniter\CodeIgniter->runController()
#5 /var/www/html/system/CodeIgniter.php(320): CodeIgniter\CodeIgniter->handleRequest()
#6 /var/www/html/index.php(37): CodeIgniter\CodeIgniter->run()
#7 {main}
CRITICAL - 2022-02-17 10:18:21 --> Deletes are not allowed unless they contain a "where" or "like" clause.
#0 /var/www/html/system/Model.php(359): CodeIgniter\Database\BaseBuilder->delete()
#1 /var/www/html/system/BaseModel.php(963): CodeIgniter\Model->doDelete()
#2 /var/www/html/app/Controllers/mypage/MyPage.php(50): CodeIgniter\BaseModel->delete()
#3 /var/www/html/system/CodeIgniter.php(825): App\Controllers\mypage\MyPage->cancel()
#4 /var/www/html/system/CodeIgniter.php(412): CodeIgniter\CodeIgniter->runController()
#5 /var/www/html/system/CodeIgniter.php(320): CodeIgniter\CodeIgniter->handleRequest()
#6 /var/www/html/index.php(37): CodeIgniter\CodeIgniter->run()
#7 {main}
CRITICAL - 2022-02-17 10:25:04 --> Deletes are not allowed unless they contain a "where" or "like" clause.
#0 /var/www/html/system/Model.php(359): CodeIgniter\Database\BaseBuilder->delete()
#1 /var/www/html/system/BaseModel.php(963): CodeIgniter\Model->doDelete()
#2 /var/www/html/app/Controllers/mypage/MyPage.php(50): CodeIgniter\BaseModel->delete()
#3 /var/www/html/system/CodeIgniter.php(825): App\Controllers\mypage\MyPage->cancel()
#4 /var/www/html/system/CodeIgniter.php(412): CodeIgniter\CodeIgniter->runController()
#5 /var/www/html/system/CodeIgniter.php(320): CodeIgniter\CodeIgniter->handleRequest()
#6 /var/www/html/index.php(37): CodeIgniter\CodeIgniter->run()
#7 {main}
CRITICAL - 2022-02-17 10:30:26 --> Class 'App\Controllers\mypage\MTGroupModel' not found
#0 /var/www/html/system/CodeIgniter.php(825): App\Controllers\mypage\MyPage->cancel()
#1 /var/www/html/system/CodeIgniter.php(412): CodeIgniter\CodeIgniter->runController()
#2 /var/www/html/system/CodeIgniter.php(320): CodeIgniter\CodeIgniter->handleRequest()
#3 /var/www/html/index.php(37): CodeIgniter\CodeIgniter->run()
#4 {main}
CRITICAL - 2022-02-17 10:30:44 --> Trying to access array offset on value of type null
#0 /var/www/html/app/Controllers/mypage/MyPage.php(55): CodeIgniter\Debug\Exceptions->errorHandler()
#1 /var/www/html/system/CodeIgniter.php(825): App\Controllers\mypage\MyPage->cancel()
#2 /var/www/html/system/CodeIgniter.php(412): CodeIgniter\CodeIgniter->runController()
#3 /var/www/html/system/CodeIgniter.php(320): CodeIgniter\CodeIgniter->handleRequest()
#4 /var/www/html/index.php(37): CodeIgniter\CodeIgniter->run()
#5 {main}
CRITICAL - 2022-02-17 10:30:56 --> Trying to access array offset on value of type null
#0 /var/www/html/app/Controllers/mypage/MyPage.php(55): CodeIgniter\Debug\Exceptions->errorHandler()
#1 /var/www/html/system/CodeIgniter.php(825): App\Controllers\mypage\MyPage->cancel()
#2 /var/www/html/system/CodeIgniter.php(412): CodeIgniter\CodeIgniter->runController()
#3 /var/www/html/system/CodeIgniter.php(320): CodeIgniter\CodeIgniter->handleRequest()
#4 /var/www/html/index.php(37): CodeIgniter\CodeIgniter->run()
#5 {main}
ERROR - 2022-02-17 10:33:53 --> Unknown column '_gid' in 'where clause'
CRITICAL - 2022-02-17 10:33:53 --> Unknown column '_gid' in 'where clause'
#0 /var/www/html/system/Database/MySQLi/Connection.php(292): mysqli->query()
#1 /var/www/html/system/Database/BaseConnection.php(670): CodeIgniter\Database\MySQLi\Connection->execute()
#2 /var/www/html/system/Database/BaseConnection.php(598): CodeIgniter\Database\BaseConnection->simpleQuery()
#3 /var/www/html/system/Database/BaseBuilder.php(1913): CodeIgniter\Database\BaseConnection->query()
#4 /var/www/html/system/Model.php(298): CodeIgniter\Database\BaseBuilder->update()
#5 /var/www/html/system/BaseModel.php(865): CodeIgniter\Model->doUpdate()
#6 /var/www/html/system/Model.php(651): CodeIgniter\BaseModel->update()
#7 /var/www/html/app/Controllers/mypage/MyPage.php(58): CodeIgniter\Model->update()
#8 /var/www/html/system/CodeIgniter.php(825): App\Controllers\mypage\MyPage->cancel()
#9 /var/www/html/system/CodeIgniter.php(412): CodeIgniter\CodeIgniter->runController()
#10 /var/www/html/system/CodeIgniter.php(320): CodeIgniter\CodeIgniter->handleRequest()
#11 /var/www/html/index.php(37): CodeIgniter\CodeIgniter->run()
#12 {main}
CRITICAL - 2022-02-17 10:34:35 --> syntax error, unexpected 'else' (T_ELSE), expecting function (T_FUNCTION) or const (T_CONST)
#0 /var/www/html/system/Autoloader/Autoloader.php(241): CodeIgniter\Autoloader\Autoloader->includeFile()
#1 /var/www/html/system/Autoloader/Autoloader.php(219): CodeIgniter\Autoloader\Autoloader->loadInNamespace()
#2 [internal function]: CodeIgniter\Autoloader\Autoloader->loadClass()
#3 [internal function]: spl_autoload_call()
#4 /var/www/html/system/CodeIgniter.php(790): class_exists()
#5 /var/www/html/system/CodeIgniter.php(399): CodeIgniter\CodeIgniter->startController()
#6 /var/www/html/system/CodeIgniter.php(320): CodeIgniter\CodeIgniter->handleRequest()
#7 /var/www/html/index.php(37): CodeIgniter\CodeIgniter->run()
#8 {main}
CRITICAL - 2022-02-17 10:34:36 --> syntax error, unexpected 'else' (T_ELSE), expecting function (T_FUNCTION) or const (T_CONST)
#0 /var/www/html/system/Autoloader/Autoloader.php(241): CodeIgniter\Autoloader\Autoloader->includeFile()
#1 /var/www/html/system/Autoloader/Autoloader.php(219): CodeIgniter\Autoloader\Autoloader->loadInNamespace()
#2 [internal function]: CodeIgniter\Autoloader\Autoloader->loadClass()
#3 [internal function]: spl_autoload_call()
#4 /var/www/html/system/CodeIgniter.php(790): class_exists()
#5 /var/www/html/system/CodeIgniter.php(399): CodeIgniter\CodeIgniter->startController()
#6 /var/www/html/system/CodeIgniter.php(320): CodeIgniter\CodeIgniter->handleRequest()
#7 /var/www/html/index.php(37): CodeIgniter\CodeIgniter->run()
#8 {main}
CRITICAL - 2022-02-17 10:34:41 --> syntax error, unexpected 'else' (T_ELSE), expecting function (T_FUNCTION) or const (T_CONST)
#0 /var/www/html/system/Autoloader/Autoloader.php(241): CodeIgniter\Autoloader\Autoloader->includeFile()
#1 /var/www/html/system/Autoloader/Autoloader.php(219): CodeIgniter\Autoloader\Autoloader->loadInNamespace()
#2 [internal function]: CodeIgniter\Autoloader\Autoloader->loadClass()
#3 [internal function]: spl_autoload_call()
#4 /var/www/html/system/CodeIgniter.php(790): class_exists()
#5 /var/www/html/system/CodeIgniter.php(399): CodeIgniter\CodeIgniter->startController()
#6 /var/www/html/system/CodeIgniter.php(320): CodeIgniter\CodeIgniter->handleRequest()
#7 /var/www/html/index.php(37): CodeIgniter\CodeIgniter->run()
#8 {main}
ERROR - 2022-02-17 10:35:31 --> Unknown column '_gid' in 'where clause'
CRITICAL - 2022-02-17 10:35:31 --> Unknown column '_gid' in 'where clause'
#0 /var/www/html/system/Database/MySQLi/Connection.php(292): mysqli->query()
#1 /var/www/html/system/Database/BaseConnection.php(670): CodeIgniter\Database\MySQLi\Connection->execute()
#2 /var/www/html/system/Database/BaseConnection.php(598): CodeIgniter\Database\BaseConnection->simpleQuery()
#3 /var/www/html/system/Database/BaseBuilder.php(1913): CodeIgniter\Database\BaseConnection->query()
#4 /var/www/html/system/Model.php(298): CodeIgniter\Database\BaseBuilder->update()
#5 /var/www/html/system/BaseModel.php(865): CodeIgniter\Model->doUpdate()
#6 /var/www/html/system/Model.php(651): CodeIgniter\BaseModel->update()
#7 /var/www/html/app/Controllers/mypage/MyPage.php(58): CodeIgniter\Model->update()
#8 /var/www/html/system/CodeIgniter.php(825): App\Controllers\mypage\MyPage->cancel()
#9 /var/www/html/system/CodeIgniter.php(412): CodeIgniter\CodeIgniter->runController()
#10 /var/www/html/system/CodeIgniter.php(320): CodeIgniter\CodeIgniter->handleRequest()
#11 /var/www/html/index.php(37): CodeIgniter\CodeIgniter->run()
#12 {main}
ERROR - 2022-02-17 11:23:21 --> Illegal mix of collations (latin1_swedish_ci,IMPLICIT) and (utf8_general_ci,COERCIBLE) for operation '='
CRITICAL - 2022-02-17 11:23:21 --> Illegal mix of collations (latin1_swedish_ci,IMPLICIT) and (utf8_general_ci,COERCIBLE) for operation '='
#0 /var/www/html/system/Database/MySQLi/Connection.php(292): mysqli->query()
#1 /var/www/html/system/Database/BaseConnection.php(670): CodeIgniter\Database\MySQLi\Connection->execute()
#2 /var/www/html/system/Database/BaseConnection.php(598): CodeIgniter\Database\BaseConnection->simpleQuery()
#3 /var/www/html/system/Database/BaseBuilder.php(1455): CodeIgniter\Database\BaseConnection->query()
#4 /var/www/html/system/Validation/Rules.php(142): CodeIgniter\Database\BaseBuilder->get()
#5 /var/www/html/system/Validation/Validation.php(292): CodeIgniter\Validation\Rules->is_unique()
#6 /var/www/html/system/Validation/Validation.php(157): CodeIgniter\Validation\Validation->processRules()
#7 /var/www/html/system/Controller.php(160): CodeIgniter\Validation\Validation->run()
#8 /var/www/html/app/Controllers/OpenMeeting.php(39): CodeIgniter\Controller->validate()
#9 /var/www/html/system/CodeIgniter.php(825): App\Controllers\OpenMeeting->open()
#10 /var/www/html/system/CodeIgniter.php(412): CodeIgniter\CodeIgniter->runController()
#11 /var/www/html/system/CodeIgniter.php(320): CodeIgniter\CodeIgniter->handleRequest()
#12 /var/www/html/index.php(37): CodeIgniter\CodeIgniter->run()
#13 {main}
