CRITICAL - 2022-02-15 09:26:47 --> Undefined variable: mtGroupList
#0 /var/www/html/app/Controllers/MTPage.php(47): CodeIgniter\Debug\Exceptions->errorHandler()
#1 /var/www/html/system/CodeIgniter.php(825): App\Controllers\MTPage->request()
#2 /var/www/html/system/CodeIgniter.php(412): CodeIgniter\CodeIgniter->runController()
#3 /var/www/html/system/CodeIgniter.php(320): CodeIgniter\CodeIgniter->handleRequest()
#4 /var/www/html/index.php(37): CodeIgniter\CodeIgniter->run()
#5 {main}
CRITICAL - 2022-02-15 09:27:13 --> Undefined variable: mtGroup
#0 /var/www/html/app/Views/request.php(8): CodeIgniter\Debug\Exceptions->errorHandler()
#1 /var/www/html/system/View/View.php(210): include('/var/www/html/a...')
#2 /var/www/html/system/View/View.php(213): CodeIgniter\View\View->CodeIgniter\View\{closure}()
#3 /var/www/html/system/Common.php(1089): CodeIgniter\View\View->render()
#4 /var/www/html/app/Controllers/MTPage.php(51): view()
#5 /var/www/html/system/CodeIgniter.php(825): App\Controllers\MTPage->request()
#6 /var/www/html/system/CodeIgniter.php(412): CodeIgniter\CodeIgniter->runController()
#7 /var/www/html/system/CodeIgniter.php(320): CodeIgniter\CodeIgniter->handleRequest()
#8 /var/www/html/index.php(37): CodeIgniter\CodeIgniter->run()
#9 {main}
CRITICAL - 2022-02-15 09:27:14 --> Undefined variable: mtGroup
#0 /var/www/html/app/Views/request.php(8): CodeIgniter\Debug\Exceptions->errorHandler()
#1 /var/www/html/system/View/View.php(210): include('/var/www/html/a...')
#2 /var/www/html/system/View/View.php(213): CodeIgniter\View\View->CodeIgniter\View\{closure}()
#3 /var/www/html/system/Common.php(1089): CodeIgniter\View\View->render()
#4 /var/www/html/app/Controllers/MTPage.php(51): view()
#5 /var/www/html/system/CodeIgniter.php(825): App\Controllers\MTPage->request()
#6 /var/www/html/system/CodeIgniter.php(412): CodeIgniter\CodeIgniter->runController()
#7 /var/www/html/system/CodeIgniter.php(320): CodeIgniter\CodeIgniter->handleRequest()
#8 /var/www/html/index.php(37): CodeIgniter\CodeIgniter->run()
#9 {main}
CRITICAL - 2022-02-15 09:28:29 --> Undefined index: reason
#0 /var/www/html/app/Controllers/MTPage.php(71): CodeIgniter\Debug\Exceptions->errorHandler()
#1 /var/www/html/system/CodeIgniter.php(825): App\Controllers\MTPage->attend()
#2 /var/www/html/system/CodeIgniter.php(412): CodeIgniter\CodeIgniter->runController()
#3 /var/www/html/system/CodeIgniter.php(320): CodeIgniter\CodeIgniter->handleRequest()
#4 /var/www/html/index.php(37): CodeIgniter\CodeIgniter->run()
#5 {main}
CRITICAL - 2022-02-15 09:35:27 --> Undefined offset: 0
#0 /var/www/html/app/Controllers/MTPage.php(23): CodeIgniter\Debug\Exceptions->errorHandler()
#1 /var/www/html/system/CodeIgniter.php(825): App\Controllers\MTPage->mtOf()
#2 /var/www/html/system/CodeIgniter.php(412): CodeIgniter\CodeIgniter->runController()
#3 /var/www/html/system/CodeIgniter.php(320): CodeIgniter\CodeIgniter->handleRequest()
#4 /var/www/html/index.php(37): CodeIgniter\CodeIgniter->run()
#5 {main}
CRITICAL - 2022-02-15 09:50:47 --> Undefined variable: session
#0 /var/www/html/app/Controllers/MTPage.php(22): CodeIgniter\Debug\Exceptions->errorHandler()
#1 /var/www/html/system/CodeIgniter.php(825): App\Controllers\MTPage->mtOf()
#2 /var/www/html/system/CodeIgniter.php(412): CodeIgniter\CodeIgniter->runController()
#3 /var/www/html/system/CodeIgniter.php(320): CodeIgniter\CodeIgniter->handleRequest()
#4 /var/www/html/index.php(37): CodeIgniter\CodeIgniter->run()
#5 {main}
CRITICAL - 2022-02-15 09:51:52 --> Undefined variable: session
#0 /var/www/html/app/Controllers/MTPage.php(22): CodeIgniter\Debug\Exceptions->errorHandler()
#1 /var/www/html/system/CodeIgniter.php(825): App\Controllers\MTPage->mtOf()
#2 /var/www/html/system/CodeIgniter.php(412): CodeIgniter\CodeIgniter->runController()
#3 /var/www/html/system/CodeIgniter.php(320): CodeIgniter\CodeIgniter->handleRequest()
#4 /var/www/html/index.php(37): CodeIgniter\CodeIgniter->run()
#5 {main}
ERROR - 2022-02-15 10:22:40 --> You have an error in your SQL syntax; check the manual that corresponds to your MySQL server version for the right syntax to use near '`MTGroup`.`_gid`
WHERE `_id` = '6'' at line 3
CRITICAL - 2022-02-15 10:22:40 --> You have an error in your SQL syntax; check the manual that corresponds to your MySQL server version for the right syntax to use near '`MTGroup`.`_gid`
WHERE `_id` = '6'' at line 3
#0 /var/www/html/system/Database/MySQLi/Connection.php(292): mysqli->query()
#1 /var/www/html/system/Database/BaseConnection.php(670): CodeIgniter\Database\MySQLi\Connection->execute()
#2 /var/www/html/system/Database/BaseConnection.php(598): CodeIgniter\Database\BaseConnection->simpleQuery()
#3 /var/www/html/system/Database/BaseBuilder.php(1455): CodeIgniter\Database\BaseConnection->query()
#4 /var/www/html/system/Model.php(183): CodeIgniter\Database\BaseBuilder->get()
#5 /var/www/html/system/BaseModel.php(584): CodeIgniter\Model->doFindAll()
#6 /var/www/html/app/Controllers/MyPage.php(20): CodeIgniter\BaseModel->findAll()
#7 /var/www/html/system/CodeIgniter.php(825): App\Controllers\MyPage->index()
#8 /var/www/html/system/CodeIgniter.php(412): CodeIgniter\CodeIgniter->runController()
#9 /var/www/html/system/CodeIgniter.php(320): CodeIgniter\CodeIgniter->handleRequest()
#10 /var/www/html/index.php(37): CodeIgniter\CodeIgniter->run()
#11 {main}
CRITICAL - 2022-02-15 10:32:28 --> Invalid file: MyPage.php
#0 /var/www/html/system/View/View.php(198): CodeIgniter\Exceptions\FrameworkException::forInvalidFile()
#1 /var/www/html/system/Common.php(1089): CodeIgniter\View\View->render()
#2 /var/www/html/app/Controllers/MyPage.php(30): view()
#3 /var/www/html/system/CodeIgniter.php(825): App\Controllers\MyPage->index()
#4 /var/www/html/system/CodeIgniter.php(412): CodeIgniter\CodeIgniter->runController()
#5 /var/www/html/system/CodeIgniter.php(320): CodeIgniter\CodeIgniter->handleRequest()
#6 /var/www/html/index.php(37): CodeIgniter\CodeIgniter->run()
#7 {main}
CRITICAL - 2022-02-15 11:40:42 --> Undefined offset: 0
#0 /var/www/html/app/Controllers/MyPage.php(49): CodeIgniter\Debug\Exceptions->errorHandler()
#1 /var/www/html/system/CodeIgniter.php(825): App\Controllers\MyPage->reviseUser()
#2 /var/www/html/system/CodeIgniter.php(412): CodeIgniter\CodeIgniter->runController()
#3 /var/www/html/system/CodeIgniter.php(320): CodeIgniter\CodeIgniter->handleRequest()
#4 /var/www/html/index.php(37): CodeIgniter\CodeIgniter->run()
#5 {main}
CRITICAL - 2022-02-15 11:41:10 --> Undefined variable: mt
#0 /var/www/html/app/Views/MyPage/reviseUser.php(4): CodeIgniter\Debug\Exceptions->errorHandler()
#1 /var/www/html/system/View/View.php(210): include('/var/www/html/a...')
#2 /var/www/html/system/View/View.php(213): CodeIgniter\View\View->CodeIgniter\View\{closure}()
#3 /var/www/html/system/Common.php(1089): CodeIgniter\View\View->render()
#4 /var/www/html/app/Controllers/MyPage.php(58): view()
#5 /var/www/html/system/CodeIgniter.php(825): App\Controllers\MyPage->reviseUser()
#6 /var/www/html/system/CodeIgniter.php(412): CodeIgniter\CodeIgniter->runController()
#7 /var/www/html/system/CodeIgniter.php(320): CodeIgniter\CodeIgniter->handleRequest()
#8 /var/www/html/index.php(37): CodeIgniter\CodeIgniter->run()
#9 {main}
CRITICAL - 2022-02-15 11:44:46 --> Undefined variable: rule
#0 /var/www/html/app/Controllers/MyPage.php(117): CodeIgniter\Debug\Exceptions->errorHandler()
#1 /var/www/html/system/CodeIgniter.php(825): App\Controllers\MyPage->changePWRequest()
#2 /var/www/html/system/CodeIgniter.php(412): CodeIgniter\CodeIgniter->runController()
#3 /var/www/html/system/CodeIgniter.php(320): CodeIgniter\CodeIgniter->handleRequest()
#4 /var/www/html/index.php(37): CodeIgniter\CodeIgniter->run()
#5 {main}
CRITICAL - 2022-02-15 11:44:56 --> Undefined index: currentPW
#0 /var/www/html/app/Controllers/MyPage.php(120): CodeIgniter\Debug\Exceptions->errorHandler()
#1 /var/www/html/system/CodeIgniter.php(825): App\Controllers\MyPage->changePWRequest()
#2 /var/www/html/system/CodeIgniter.php(412): CodeIgniter\CodeIgniter->runController()
#3 /var/www/html/system/CodeIgniter.php(320): CodeIgniter\CodeIgniter->handleRequest()
#4 /var/www/html/index.php(37): CodeIgniter\CodeIgniter->run()
#5 {main}
CRITICAL - 2022-02-15 13:31:13 --> There is no data to update.
#0 /var/www/html/system/BaseModel.php(846): CodeIgniter\Database\Exceptions\DataException::forEmptyDataset()
#1 /var/www/html/system/Model.php(651): CodeIgniter\BaseModel->update()
#2 /var/www/html/app/Controllers/TestDB.php(16): CodeIgniter\Model->update()
#3 /var/www/html/system/CodeIgniter.php(825): App\Controllers\TestDB->test()
#4 /var/www/html/system/CodeIgniter.php(412): CodeIgniter\CodeIgniter->runController()
#5 /var/www/html/system/CodeIgniter.php(320): CodeIgniter\CodeIgniter->handleRequest()
#6 /var/www/html/index.php(37): CodeIgniter\CodeIgniter->run()
#7 {main}
CRITICAL - 2022-02-15 13:31:59 --> There is no data to update.
#0 /var/www/html/system/BaseModel.php(846): CodeIgniter\Database\Exceptions\DataException::forEmptyDataset()
#1 /var/www/html/system/Model.php(651): CodeIgniter\BaseModel->update()
#2 /var/www/html/app/Controllers/TestDB.php(16): CodeIgniter\Model->update()
#3 /var/www/html/system/CodeIgniter.php(825): App\Controllers\TestDB->test()
#4 /var/www/html/system/CodeIgniter.php(412): CodeIgniter\CodeIgniter->runController()
#5 /var/www/html/system/CodeIgniter.php(320): CodeIgniter\CodeIgniter->handleRequest()
#6 /var/www/html/index.php(37): CodeIgniter\CodeIgniter->run()
#7 {main}
CRITICAL - 2022-02-15 13:35:26 --> There is no data to update.
#0 /var/www/html/system/BaseModel.php(1574): CodeIgniter\Database\Exceptions\DataException::forEmptyDataset()
#1 /var/www/html/system/BaseModel.php(832): CodeIgniter\BaseModel->transformDataToArray()
#2 /var/www/html/system/Model.php(651): CodeIgniter\BaseModel->update()
#3 /var/www/html/app/Controllers/TestDB.php(17): CodeIgniter\Model->update()
#4 /var/www/html/system/CodeIgniter.php(825): App\Controllers\TestDB->test()
#5 /var/www/html/system/CodeIgniter.php(412): CodeIgniter\CodeIgniter->runController()
#6 /var/www/html/system/CodeIgniter.php(320): CodeIgniter\CodeIgniter->handleRequest()
#7 /var/www/html/index.php(37): CodeIgniter\CodeIgniter->run()
#8 {main}
CRITICAL - 2022-02-15 13:40:50 --> Undefined index: username
#0 /var/www/html/app/Controllers/MyPage.php(72): CodeIgniter\Debug\Exceptions->errorHandler()
#1 /var/www/html/system/CodeIgniter.php(825): App\Controllers\MyPage->reviseRequest()
#2 /var/www/html/system/CodeIgniter.php(412): CodeIgniter\CodeIgniter->runController()
#3 /var/www/html/system/CodeIgniter.php(320): CodeIgniter\CodeIgniter->handleRequest()
#4 /var/www/html/index.php(37): CodeIgniter\CodeIgniter->run()
#5 {main}
CRITICAL - 2022-02-15 13:41:46 --> Undefined index: username
#0 /var/www/html/app/Controllers/MyPage.php(72): CodeIgniter\Debug\Exceptions->errorHandler()
#1 /var/www/html/system/CodeIgniter.php(825): App\Controllers\MyPage->reviseRequest()
#2 /var/www/html/system/CodeIgniter.php(412): CodeIgniter\CodeIgniter->runController()
#3 /var/www/html/system/CodeIgniter.php(320): CodeIgniter\CodeIgniter->handleRequest()
#4 /var/www/html/index.php(37): CodeIgniter\CodeIgniter->run()
#5 {main}
CRITICAL - 2022-02-15 14:22:17 --> Invalid file: /MyPage/manage.php
#0 /var/www/html/system/View/View.php(198): CodeIgniter\Exceptions\FrameworkException::forInvalidFile()
#1 /var/www/html/system/Common.php(1089): CodeIgniter\View\View->render()
#2 /var/www/html/app/Controllers/Manage.php(29): view()
#3 /var/www/html/system/CodeIgniter.php(825): App\Controllers\Manage->mgOf()
#4 /var/www/html/system/CodeIgniter.php(412): CodeIgniter\CodeIgniter->runController()
#5 /var/www/html/system/CodeIgniter.php(320): CodeIgniter\CodeIgniter->handleRequest()
#6 /var/www/html/index.php(37): CodeIgniter\CodeIgniter->run()
#7 {main}
CRITICAL - 2022-02-15 14:22:31 --> Undefined variable: mtGroup
#0 /var/www/html/app/Views/MyPage/manage.php(17): CodeIgniter\Debug\Exceptions->errorHandler()
#1 /var/www/html/system/View/View.php(210): include('/var/www/html/a...')
#2 /var/www/html/system/View/View.php(213): CodeIgniter\View\View->CodeIgniter\View\{closure}()
#3 /var/www/html/system/Common.php(1089): CodeIgniter\View\View->render()
#4 /var/www/html/app/Controllers/Manage.php(29): view()
#5 /var/www/html/system/CodeIgniter.php(825): App\Controllers\Manage->mgOf()
#6 /var/www/html/system/CodeIgniter.php(412): CodeIgniter\CodeIgniter->runController()
#7 /var/www/html/system/CodeIgniter.php(320): CodeIgniter\CodeIgniter->handleRequest()
#8 /var/www/html/index.php(37): CodeIgniter\CodeIgniter->run()
#9 {main}
CRITICAL - 2022-02-15 14:22:41 --> Undefined variable: Group
#0 /var/www/html/app/Views/MyPage/manage.php(17): CodeIgniter\Debug\Exceptions->errorHandler()
#1 /var/www/html/system/View/View.php(210): include('/var/www/html/a...')
#2 /var/www/html/system/View/View.php(213): CodeIgniter\View\View->CodeIgniter\View\{closure}()
#3 /var/www/html/system/Common.php(1089): CodeIgniter\View\View->render()
#4 /var/www/html/app/Controllers/Manage.php(29): view()
#5 /var/www/html/system/CodeIgniter.php(825): App\Controllers\Manage->mgOf()
#6 /var/www/html/system/CodeIgniter.php(412): CodeIgniter\CodeIgniter->runController()
#7 /var/www/html/system/CodeIgniter.php(320): CodeIgniter\CodeIgniter->handleRequest()
#8 /var/www/html/index.php(37): CodeIgniter\CodeIgniter->run()
#9 {main}
CRITICAL - 2022-02-15 14:47:33 --> Too few arguments to function App\Controllers\Manage::reviseMT(), 0 passed in /var/www/html/system/CodeIgniter.php on line 825 and exactly 1 expected
#0 /var/www/html/system/CodeIgniter.php(825): App\Controllers\Manage->reviseMT()
#1 /var/www/html/system/CodeIgniter.php(412): CodeIgniter\CodeIgniter->runController()
#2 /var/www/html/system/CodeIgniter.php(320): CodeIgniter\CodeIgniter->handleRequest()
#3 /var/www/html/index.php(37): CodeIgniter\CodeIgniter->run()
#4 {main}
CRITICAL - 2022-02-15 14:48:09 --> Trying to access array offset on value of type null
#0 /var/www/html/app/Controllers/Manage.php(46): CodeIgniter\Debug\Exceptions->errorHandler()
#1 /var/www/html/system/CodeIgniter.php(825): App\Controllers\Manage->reviseMT()
#2 /var/www/html/system/CodeIgniter.php(412): CodeIgniter\CodeIgniter->runController()
#3 /var/www/html/system/CodeIgniter.php(320): CodeIgniter\CodeIgniter->handleRequest()
#4 /var/www/html/index.php(37): CodeIgniter\CodeIgniter->run()
#5 {main}
CRITICAL - 2022-02-15 14:48:25 --> Trying to access array offset on value of type null
#0 /var/www/html/app/Controllers/Manage.php(46): CodeIgniter\Debug\Exceptions->errorHandler()
#1 /var/www/html/system/CodeIgniter.php(825): App\Controllers\Manage->reviseMT()
#2 /var/www/html/system/CodeIgniter.php(412): CodeIgniter\CodeIgniter->runController()
#3 /var/www/html/system/CodeIgniter.php(320): CodeIgniter\CodeIgniter->handleRequest()
#4 /var/www/html/index.php(37): CodeIgniter\CodeIgniter->run()
#5 {main}
CRITICAL - 2022-02-15 15:18:38 --> Trying to access array offset on value of type null
#0 /var/www/html/app/Controllers/Manage.php(71): CodeIgniter\Debug\Exceptions->errorHandler()
#1 /var/www/html/system/CodeIgniter.php(825): App\Controllers\Manage->revise()
#2 /var/www/html/system/CodeIgniter.php(412): CodeIgniter\CodeIgniter->runController()
#3 /var/www/html/system/CodeIgniter.php(320): CodeIgniter\CodeIgniter->handleRequest()
#4 /var/www/html/index.php(37): CodeIgniter\CodeIgniter->run()
#5 {main}
CRITICAL - 2022-02-15 15:23:33 --> Class 'App\Models\bModel' not found
#0 /var/www/html/system/CodeIgniter.php(825): App\Controllers\TestDB->index()
#1 /var/www/html/system/CodeIgniter.php(412): CodeIgniter\CodeIgniter->runController()
#2 /var/www/html/system/CodeIgniter.php(320): CodeIgniter\CodeIgniter->handleRequest()
#3 /var/www/html/index.php(37): CodeIgniter\CodeIgniter->run()
#4 {main}
CRITICAL - 2022-02-15 15:23:54 --> Class 'App\Models\bModel' not found
#0 /var/www/html/system/CodeIgniter.php(825): App\Controllers\TestDB->index()
#1 /var/www/html/system/CodeIgniter.php(412): CodeIgniter\CodeIgniter->runController()
#2 /var/www/html/system/CodeIgniter.php(320): CodeIgniter\CodeIgniter->handleRequest()
#3 /var/www/html/index.php(37): CodeIgniter\CodeIgniter->run()
#4 {main}
CRITICAL - 2022-02-15 15:23:56 --> Class 'App\Models\bModel' not found
#0 /var/www/html/system/CodeIgniter.php(825): App\Controllers\TestDB->index()
#1 /var/www/html/system/CodeIgniter.php(412): CodeIgniter\CodeIgniter->runController()
#2 /var/www/html/system/CodeIgniter.php(320): CodeIgniter\CodeIgniter->handleRequest()
#3 /var/www/html/index.php(37): CodeIgniter\CodeIgniter->run()
#4 {main}
CRITICAL - 2022-02-15 15:25:16 --> Class 'App\Models\BModel' not found
#0 /var/www/html/system/CodeIgniter.php(825): App\Controllers\TestDB->index()
#1 /var/www/html/system/CodeIgniter.php(412): CodeIgniter\CodeIgniter->runController()
#2 /var/www/html/system/CodeIgniter.php(320): CodeIgniter\CodeIgniter->handleRequest()
#3 /var/www/html/index.php(37): CodeIgniter\CodeIgniter->run()
#4 {main}
CRITICAL - 2022-02-15 15:25:28 --> Class 'App\Models\BModel' not found
#0 /var/www/html/system/CodeIgniter.php(825): App\Controllers\TestDB->index()
#1 /var/www/html/system/CodeIgniter.php(412): CodeIgniter\CodeIgniter->runController()
#2 /var/www/html/system/CodeIgniter.php(320): CodeIgniter\CodeIgniter->handleRequest()
#3 /var/www/html/index.php(37): CodeIgniter\CodeIgniter->run()
#4 {main}
CRITICAL - 2022-02-15 15:28:14 --> Class 'App\Models\BModel' not found
#0 /var/www/html/system/CodeIgniter.php(825): App\Controllers\TestDB->index()
#1 /var/www/html/system/CodeIgniter.php(412): CodeIgniter\CodeIgniter->runController()
#2 /var/www/html/system/CodeIgniter.php(320): CodeIgniter\CodeIgniter->handleRequest()
#3 /var/www/html/index.php(37): CodeIgniter\CodeIgniter->run()
#4 {main}
CRITICAL - 2022-02-15 15:28:52 --> Class 'App\Models\bModel' not found
#0 /var/www/html/system/CodeIgniter.php(825): App\Controllers\TestDB->index()
#1 /var/www/html/system/CodeIgniter.php(412): CodeIgniter\CodeIgniter->runController()
#2 /var/www/html/system/CodeIgniter.php(320): CodeIgniter\CodeIgniter->handleRequest()
#3 /var/www/html/index.php(37): CodeIgniter\CodeIgniter->run()
#4 {main}
CRITICAL - 2022-02-15 16:22:15 --> Undefined index: groupName
#0 /var/www/html/app/Views/MyPage/manage.php(23): CodeIgniter\Debug\Exceptions->errorHandler()
#1 /var/www/html/system/View/View.php(210): include('/var/www/html/a...')
#2 /var/www/html/system/View/View.php(213): CodeIgniter\View\View->CodeIgniter\View\{closure}()
#3 /var/www/html/system/Common.php(1089): CodeIgniter\View\View->render()
#4 /var/www/html/app/Controllers/Manage.php(30): view()
#5 /var/www/html/system/CodeIgniter.php(825): App\Controllers\Manage->mgOf()
#6 /var/www/html/system/CodeIgniter.php(412): CodeIgniter\CodeIgniter->runController()
#7 /var/www/html/system/CodeIgniter.php(320): CodeIgniter\CodeIgniter->handleRequest()
#8 /var/www/html/index.php(37): CodeIgniter\CodeIgniter->run()
#9 {main}
CRITICAL - 2022-02-15 16:23:11 --> Undefined variable: mtName
#0 /var/www/html/app/Controllers/Manage.php(97): CodeIgniter\Debug\Exceptions->errorHandler()
#1 /var/www/html/system/CodeIgniter.php(825): App\Controllers\Manage->group()
#2 /var/www/html/system/CodeIgniter.php(412): CodeIgniter\CodeIgniter->runController()
#3 /var/www/html/system/CodeIgniter.php(320): CodeIgniter\CodeIgniter->handleRequest()
#4 /var/www/html/index.php(37): CodeIgniter\CodeIgniter->run()
#5 {main}
CRITICAL - 2022-02-15 16:28:24 --> Class 'App\Controllers\requestMT' not found
#0 /var/www/html/system/CodeIgniter.php(825): App\Controllers\Manage->group()
#1 /var/www/html/system/CodeIgniter.php(412): CodeIgniter\CodeIgniter->runController()
#2 /var/www/html/system/CodeIgniter.php(320): CodeIgniter\CodeIgniter->handleRequest()
#3 /var/www/html/index.php(37): CodeIgniter\CodeIgniter->run()
#4 {main}
CRITICAL - 2022-02-15 16:30:00 --> Undefined index: groupName
#0 /var/www/html/app/Views/MyPage/group.php(22): CodeIgniter\Debug\Exceptions->errorHandler()
#1 /var/www/html/system/View/View.php(210): include('/var/www/html/a...')
#2 /var/www/html/system/View/View.php(213): CodeIgniter\View\View->CodeIgniter\View\{closure}()
#3 /var/www/html/system/Common.php(1089): CodeIgniter\View\View->render()
#4 /var/www/html/app/Controllers/Manage.php(116): view()
#5 /var/www/html/system/CodeIgniter.php(825): App\Controllers\Manage->group()
#6 /var/www/html/system/CodeIgniter.php(412): CodeIgniter\CodeIgniter->runController()
#7 /var/www/html/system/CodeIgniter.php(320): CodeIgniter\CodeIgniter->handleRequest()
#8 /var/www/html/index.php(37): CodeIgniter\CodeIgniter->run()
#9 {main}
CRITICAL - 2022-02-15 16:33:52 --> Undefined index: _rid
#0 /var/www/html/app/Views/MyPage/group.php(22): CodeIgniter\Debug\Exceptions->errorHandler()
#1 /var/www/html/system/View/View.php(210): include('/var/www/html/a...')
#2 /var/www/html/system/View/View.php(213): CodeIgniter\View\View->CodeIgniter\View\{closure}()
#3 /var/www/html/system/Common.php(1089): CodeIgniter\View\View->render()
#4 /var/www/html/app/Controllers/Manage.php(116): view()
#5 /var/www/html/system/CodeIgniter.php(825): App\Controllers\Manage->group()
#6 /var/www/html/system/CodeIgniter.php(412): CodeIgniter\CodeIgniter->runController()
#7 /var/www/html/system/CodeIgniter.php(320): CodeIgniter\CodeIgniter->handleRequest()
#8 /var/www/html/index.php(37): CodeIgniter\CodeIgniter->run()
#9 {main}
CRITICAL - 2022-02-15 17:21:20 --> Undefined index: approvalType
#0 /var/www/html/app/Controllers/TestDB.php(14): CodeIgniter\Debug\Exceptions->errorHandler()
#1 /var/www/html/system/CodeIgniter.php(825): App\Controllers\TestDB->test()
#2 /var/www/html/system/CodeIgniter.php(412): CodeIgniter\CodeIgniter->runController()
#3 /var/www/html/system/CodeIgniter.php(320): CodeIgniter\CodeIgniter->handleRequest()
#4 /var/www/html/index.php(37): CodeIgniter\CodeIgniter->run()
#5 {main}
CRITICAL - 2022-02-15 17:21:57 --> Undefined index: approvalType
#0 /var/www/html/app/Controllers/TestDB.php(14): CodeIgniter\Debug\Exceptions->errorHandler()
#1 /var/www/html/system/CodeIgniter.php(825): App\Controllers\TestDB->test()
#2 /var/www/html/system/CodeIgniter.php(412): CodeIgniter\CodeIgniter->runController()
#3 /var/www/html/system/CodeIgniter.php(320): CodeIgniter\CodeIgniter->handleRequest()
#4 /var/www/html/index.php(37): CodeIgniter\CodeIgniter->run()
#5 {main}
CRITICAL - 2022-02-15 17:31:43 --> Too few arguments to function App\Controllers\Manage::groupinfo(), 0 passed in /var/www/html/system/CodeIgniter.php on line 825 and exactly 1 expected
#0 /var/www/html/system/CodeIgniter.php(825): App\Controllers\Manage->groupinfo()
#1 /var/www/html/system/CodeIgniter.php(412): CodeIgniter\CodeIgniter->runController()
#2 /var/www/html/system/CodeIgniter.php(320): CodeIgniter\CodeIgniter->handleRequest()
#3 /var/www/html/index.php(37): CodeIgniter\CodeIgniter->run()
#4 {main}
CRITICAL - 2022-02-15 17:34:34 --> Undefined index: accessHead
#0 /var/www/html/app/Controllers/Manage.php(179): CodeIgniter\Debug\Exceptions->errorHandler()
#1 /var/www/html/system/CodeIgniter.php(825): App\Controllers\Manage->reviseGroup()
#2 /var/www/html/system/CodeIgniter.php(412): CodeIgniter\CodeIgniter->runController()
#3 /var/www/html/system/CodeIgniter.php(320): CodeIgniter\CodeIgniter->handleRequest()
#4 /var/www/html/index.php(37): CodeIgniter\CodeIgniter->run()
#5 {main}
