CRITICAL - 2022-02-16 10:24:15 --> Undefined index: _rid
#0 /var/www/html/app/Views/MyPage/myPage.php(47): CodeIgniter\Debug\Exceptions->errorHandler()
#1 /var/www/html/system/View/View.php(210): include('/var/www/html/a...')
#2 /var/www/html/system/View/View.php(213): CodeIgniter\View\View->CodeIgniter\View\{closure}()
#3 /var/www/html/system/Common.php(1089): CodeIgniter\View\View->render()
#4 /var/www/html/app/Controllers/MyPage.php(36): view()
#5 /var/www/html/system/CodeIgniter.php(825): App\Controllers\MyPage->index()
#6 /var/www/html/system/CodeIgniter.php(412): CodeIgniter\CodeIgniter->runController()
#7 /var/www/html/system/CodeIgniter.php(320): CodeIgniter\CodeIgniter->handleRequest()
#8 /var/www/html/index.php(37): CodeIgniter\CodeIgniter->run()
#9 {main}
CRITICAL - 2022-02-16 11:08:13 --> Undefined variable: gid
#0 /var/www/html/app/Controllers/Manage.php(224): CodeIgniter\Debug\Exceptions->errorHandler()
#1 /var/www/html/system/CodeIgniter.php(825): App\Controllers\Manage->addGroup()
#2 /var/www/html/system/CodeIgniter.php(412): CodeIgniter\CodeIgniter->runController()
#3 /var/www/html/system/CodeIgniter.php(320): CodeIgniter\CodeIgniter->handleRequest()
#4 /var/www/html/index.php(37): CodeIgniter\CodeIgniter->run()
#5 {main}
CRITICAL - 2022-02-16 11:08:23 --> Undefined variable: group
#0 /var/www/html/app/Controllers/Manage.php(224): CodeIgniter\Debug\Exceptions->errorHandler()
#1 /var/www/html/system/CodeIgniter.php(825): App\Controllers\Manage->addGroup()
#2 /var/www/html/system/CodeIgniter.php(412): CodeIgniter\CodeIgniter->runController()
#3 /var/www/html/system/CodeIgniter.php(320): CodeIgniter\CodeIgniter->handleRequest()
#4 /var/www/html/index.php(37): CodeIgniter\CodeIgniter->run()
#5 {main}
CRITICAL - 2022-02-16 11:08:39 --> Undefined variable: group
#0 /var/www/html/app/Views/MyPage/groupInfo.php(10): CodeIgniter\Debug\Exceptions->errorHandler()
#1 /var/www/html/system/View/View.php(210): include('/var/www/html/a...')
#2 /var/www/html/system/View/View.php(213): CodeIgniter\View\View->CodeIgniter\View\{closure}()
#3 /var/www/html/system/Common.php(1089): CodeIgniter\View\View->render()
#4 /var/www/html/app/Controllers/Manage.php(237): view()
#5 /var/www/html/system/CodeIgniter.php(825): App\Controllers\Manage->addGroup()
#6 /var/www/html/system/CodeIgniter.php(412): CodeIgniter\CodeIgniter->runController()
#7 /var/www/html/system/CodeIgniter.php(320): CodeIgniter\CodeIgniter->handleRequest()
#8 /var/www/html/index.php(37): CodeIgniter\CodeIgniter->run()
#9 {main}
CRITICAL - 2022-02-16 11:08:42 --> Undefined variable: group
#0 /var/www/html/app/Views/MyPage/groupInfo.php(10): CodeIgniter\Debug\Exceptions->errorHandler()
#1 /var/www/html/system/View/View.php(210): include('/var/www/html/a...')
#2 /var/www/html/system/View/View.php(213): CodeIgniter\View\View->CodeIgniter\View\{closure}()
#3 /var/www/html/system/Common.php(1089): CodeIgniter\View\View->render()
#4 /var/www/html/app/Controllers/Manage.php(237): view()
#5 /var/www/html/system/CodeIgniter.php(825): App\Controllers\Manage->addGroup()
#6 /var/www/html/system/CodeIgniter.php(412): CodeIgniter\CodeIgniter->runController()
#7 /var/www/html/system/CodeIgniter.php(320): CodeIgniter\CodeIgniter->handleRequest()
#8 /var/www/html/index.php(37): CodeIgniter\CodeIgniter->run()
#9 {main}
CRITICAL - 2022-02-16 11:09:35 --> Undefined variable: gid
#0 /var/www/html/app/Controllers/Manage.php(257): CodeIgniter\Debug\Exceptions->errorHandler()
#1 /var/www/html/system/CodeIgniter.php(825): App\Controllers\Manage->addGroupInfo()
#2 /var/www/html/system/CodeIgniter.php(412): CodeIgniter\CodeIgniter->runController()
#3 /var/www/html/system/CodeIgniter.php(320): CodeIgniter\CodeIgniter->handleRequest()
#4 /var/www/html/index.php(37): CodeIgniter\CodeIgniter->run()
#5 {main}
CRITICAL - 2022-02-16 11:10:00 --> Undefined variable: groupname
#0 /var/www/html/app/Controllers/Manage.php(266): CodeIgniter\Debug\Exceptions->errorHandler()
#1 /var/www/html/system/CodeIgniter.php(825): App\Controllers\Manage->addGroupInfo()
#2 /var/www/html/system/CodeIgniter.php(412): CodeIgniter\CodeIgniter->runController()
#3 /var/www/html/system/CodeIgniter.php(320): CodeIgniter\CodeIgniter->handleRequest()
#4 /var/www/html/index.php(37): CodeIgniter\CodeIgniter->run()
#5 {main}
