CRITICAL - 2022-02-11 00:36:51 --> Invalid file: register.php
#0 /var/www/html/system/View/View.php(198): CodeIgniter\Exceptions\FrameworkException::forInvalidFile()
#1 /var/www/html/system/Common.php(1089): CodeIgniter\View\View->render()
#2 /var/www/html/app/Controllers/SignUp.php(40): view()
#3 /var/www/html/system/CodeIgniter.php(825): App\Controllers\SignUp->signup()
#4 /var/www/html/system/CodeIgniter.php(412): CodeIgniter\CodeIgniter->runController()
#5 /var/www/html/system/CodeIgniter.php(320): CodeIgniter\CodeIgniter->handleRequest()
#6 /var/www/html/index.php(37): CodeIgniter\CodeIgniter->run()
#7 {main}
CRITICAL - 2022-02-11 00:39:13 --> Undefined variable: meta_title
#0 /var/www/html/app/Views/header1.php(4): CodeIgniter\Debug\Exceptions->errorHandler()
#1 /var/www/html/system/View/View.php(210): include('/var/www/html/a...')
#2 /var/www/html/system/View/View.php(213): CodeIgniter\View\View->CodeIgniter\View\{closure}()
#3 /var/www/html/system/Common.php(1089): CodeIgniter\View\View->render()
#4 /var/www/html/app/Controllers/SignUp.php(40): view()
#5 /var/www/html/system/CodeIgniter.php(825): App\Controllers\SignUp->signup()
#6 /var/www/html/system/CodeIgniter.php(412): CodeIgniter\CodeIgniter->runController()
#7 /var/www/html/system/CodeIgniter.php(320): CodeIgniter\CodeIgniter->handleRequest()
#8 /var/www/html/index.php(37): CodeIgniter\CodeIgniter->run()
#9 {main}
CRITICAL - 2022-02-11 00:41:08 --> Object of class CodeIgniter\Validation\Validation could not be converted to string
#0 /var/www/html/system/View/View.php(210): include()
#1 /var/www/html/system/View/View.php(213): CodeIgniter\View\View->CodeIgniter\View\{closure}()
#2 /var/www/html/system/Common.php(1089): CodeIgniter\View\View->render()
#3 /var/www/html/app/Controllers/SignUp.php(44): view()
#4 /var/www/html/system/CodeIgniter.php(825): App\Controllers\SignUp->signup()
#5 /var/www/html/system/CodeIgniter.php(412): CodeIgniter\CodeIgniter->runController()
#6 /var/www/html/system/CodeIgniter.php(320): CodeIgniter\CodeIgniter->handleRequest()
#7 /var/www/html/index.php(37): CodeIgniter\CodeIgniter->run()
#8 {main}
CRITICAL - 2022-02-11 00:46:32 --> valid_emailis_unique is not a valid rule.
#0 /var/www/html/system/Validation/Validation.php(300): CodeIgniter\Validation\Exceptions\ValidationException::forRuleNotFound()
#1 /var/www/html/system/Validation/Validation.php(157): CodeIgniter\Validation\Validation->processRules()
#2 /var/www/html/system/Controller.php(160): CodeIgniter\Validation\Validation->run()
#3 /var/www/html/app/Controllers/SignUp.php(28): CodeIgniter\Controller->validate()
#4 /var/www/html/system/CodeIgniter.php(825): App\Controllers\SignUp->signup()
#5 /var/www/html/system/CodeIgniter.php(412): CodeIgniter\CodeIgniter->runController()
#6 /var/www/html/system/CodeIgniter.php(320): CodeIgniter\CodeIgniter->handleRequest()
#7 /var/www/html/index.php(37): CodeIgniter\CodeIgniter->run()
#8 {main}
CRITICAL - 2022-02-11 00:48:22 --> Call to undefined function App\Controllers\getVar()
#0 /var/www/html/system/CodeIgniter.php(825): App\Controllers\SignUp->signup()
#1 /var/www/html/system/CodeIgniter.php(412): CodeIgniter\CodeIgniter->runController()
#2 /var/www/html/system/CodeIgniter.php(320): CodeIgniter\CodeIgniter->handleRequest()
#3 /var/www/html/index.php(37): CodeIgniter\CodeIgniter->run()
#4 {main}
CRITICAL - 2022-02-11 00:49:16 --> Function name must be a string
#0 /var/www/html/system/CodeIgniter.php(825): App\Controllers\SignUp->signup()
#1 /var/www/html/system/CodeIgniter.php(412): CodeIgniter\CodeIgniter->runController()
#2 /var/www/html/system/CodeIgniter.php(320): CodeIgniter\CodeIgniter->handleRequest()
#3 /var/www/html/index.php(37): CodeIgniter\CodeIgniter->run()
#4 {main}
CRITICAL - 2022-02-11 00:50:01 --> password_hash() expects at least 2 parameters, 1 given
#0 [internal function]: CodeIgniter\Debug\Exceptions->errorHandler()
#1 /var/www/html/app/Controllers/SignUp.php(34): password_hash()
#2 /var/www/html/system/CodeIgniter.php(825): App\Controllers\SignUp->signup()
#3 /var/www/html/system/CodeIgniter.php(412): CodeIgniter\CodeIgniter->runController()
#4 /var/www/html/system/CodeIgniter.php(320): CodeIgniter\CodeIgniter->handleRequest()
#5 /var/www/html/index.php(37): CodeIgniter\CodeIgniter->run()
#6 {main}
CRITICAL - 2022-02-11 01:20:27 --> Undefined variable: session
#0 /var/www/html/app/Controllers/SignIn.php(35): CodeIgniter\Debug\Exceptions->errorHandler()
#1 /var/www/html/system/CodeIgniter.php(825): App\Controllers\SignIn->signin()
#2 /var/www/html/system/CodeIgniter.php(412): CodeIgniter\CodeIgniter->runController()
#3 /var/www/html/system/CodeIgniter.php(320): CodeIgniter\CodeIgniter->handleRequest()
#4 /var/www/html/index.php(37): CodeIgniter\CodeIgniter->run()
#5 {main}
CRITICAL - 2022-02-11 01:24:30 -->  route cannot be found while reverse-routing.
#0 /var/www/html/system/HTTP/RedirectResponse.php(56): CodeIgniter\HTTP\Exceptions\HTTPException::forInvalidRedirectRoute()
#1 /var/www/html/system/Common.php(832): CodeIgniter\HTTP\RedirectResponse->route()
#2 /var/www/html/app/Controllers/SignIn.php(37): redirect()
#3 /var/www/html/system/CodeIgniter.php(825): App\Controllers\SignIn->signin()
#4 /var/www/html/system/CodeIgniter.php(412): CodeIgniter\CodeIgniter->runController()
#5 /var/www/html/system/CodeIgniter.php(320): CodeIgniter\CodeIgniter->handleRequest()
#6 /var/www/html/index.php(37): CodeIgniter\CodeIgniter->run()
#7 {main}
CRITICAL - 2022-02-11 01:50:34 --> Undefined variable: meta_title
#0 /var/www/html/app/Views/header1.php(4): CodeIgniter\Debug\Exceptions->errorHandler()
#1 /var/www/html/system/View/View.php(210): include('/var/www/html/a...')
#2 /var/www/html/system/View/View.php(213): CodeIgniter\View\View->CodeIgniter\View\{closure}()
#3 /var/www/html/system/Common.php(1089): CodeIgniter\View\View->render()
#4 /var/www/html/app/Controllers/Home.php(14): view()
#5 /var/www/html/system/CodeIgniter.php(825): App\Controllers\Home->index()
#6 /var/www/html/system/CodeIgniter.php(412): CodeIgniter\CodeIgniter->runController()
#7 /var/www/html/system/CodeIgniter.php(320): CodeIgniter\CodeIgniter->handleRequest()
#8 /var/www/html/index.php(37): CodeIgniter\CodeIgniter->run()
#9 {main}
CRITICAL - 2022-02-11 01:51:02 --> Undefined variable: meta_title
#0 /var/www/html/app/Views/header1.php(4): CodeIgniter\Debug\Exceptions->errorHandler()
#1 /var/www/html/system/View/View.php(210): include('/var/www/html/a...')
#2 /var/www/html/system/View/View.php(213): CodeIgniter\View\View->CodeIgniter\View\{closure}()
#3 /var/www/html/system/Common.php(1089): CodeIgniter\View\View->render()
#4 /var/www/html/app/Controllers/Home.php(15): view()
#5 /var/www/html/system/CodeIgniter.php(825): App\Controllers\Home->index()
#6 /var/www/html/system/CodeIgniter.php(412): CodeIgniter\CodeIgniter->runController()
#7 /var/www/html/system/CodeIgniter.php(320): CodeIgniter\CodeIgniter->handleRequest()
#8 /var/www/html/index.php(37): CodeIgniter\CodeIgniter->run()
#9 {main}
CRITICAL - 2022-02-11 01:51:04 --> Undefined variable: meta_title
#0 /var/www/html/app/Views/header1.php(4): CodeIgniter\Debug\Exceptions->errorHandler()
#1 /var/www/html/system/View/View.php(210): include('/var/www/html/a...')
#2 /var/www/html/system/View/View.php(213): CodeIgniter\View\View->CodeIgniter\View\{closure}()
#3 /var/www/html/system/Common.php(1089): CodeIgniter\View\View->render()
#4 /var/www/html/app/Controllers/Home.php(15): view()
#5 /var/www/html/system/CodeIgniter.php(825): App\Controllers\Home->index()
#6 /var/www/html/system/CodeIgniter.php(412): CodeIgniter\CodeIgniter->runController()
#7 /var/www/html/system/CodeIgniter.php(320): CodeIgniter\CodeIgniter->handleRequest()
#8 /var/www/html/index.php(37): CodeIgniter\CodeIgniter->run()
#9 {main}
CRITICAL - 2022-02-11 01:51:15 --> Undefined variable: meta_title
#0 /var/www/html/app/Views/header1.php(4): CodeIgniter\Debug\Exceptions->errorHandler()
#1 /var/www/html/system/View/View.php(210): include('/var/www/html/a...')
#2 /var/www/html/system/View/View.php(213): CodeIgniter\View\View->CodeIgniter\View\{closure}()
#3 /var/www/html/system/Common.php(1089): CodeIgniter\View\View->render()
#4 /var/www/html/app/Controllers/Home.php(15): view()
#5 /var/www/html/system/CodeIgniter.php(825): App\Controllers\Home->index()
#6 /var/www/html/system/CodeIgniter.php(412): CodeIgniter\CodeIgniter->runController()
#7 /var/www/html/system/CodeIgniter.php(320): CodeIgniter\CodeIgniter->handleRequest()
#8 /var/www/html/index.php(37): CodeIgniter\CodeIgniter->run()
#9 {main}
CRITICAL - 2022-02-11 01:52:17 --> Undefined variable: is_Login
#0 /var/www/html/app/Views/header1.php(8): CodeIgniter\Debug\Exceptions->errorHandler()
#1 /var/www/html/system/View/View.php(210): include('/var/www/html/a...')
#2 /var/www/html/system/View/View.php(213): CodeIgniter\View\View->CodeIgniter\View\{closure}()
#3 /var/www/html/system/Common.php(1089): CodeIgniter\View\View->render()
#4 /var/www/html/app/Controllers/Home.php(15): view()
#5 /var/www/html/system/CodeIgniter.php(825): App\Controllers\Home->index()
#6 /var/www/html/system/CodeIgniter.php(412): CodeIgniter\CodeIgniter->runController()
#7 /var/www/html/system/CodeIgniter.php(320): CodeIgniter\CodeIgniter->handleRequest()
#8 /var/www/html/index.php(37): CodeIgniter\CodeIgniter->run()
#9 {main}
